Mplus VERSION 8.9
MUTHEN & MUTHEN
04/01/2025  10:05 AM

INPUT INSTRUCTIONS

  TITLE: RI-CLPM for LCID Social Media and EATQ-EC Scale (delay discounting logk)

  DATA:
      FILE = "C:\Users\lg05\OneDrive - University of Cambridge\repositories\
      win\2025_cognitive_phenotype\data\mplus\lcid_logk_eatq.dat";

  VARIABLE:
      !variable names included in dataset
      NAMES ARE logk2 logk3 logk4 logk5 logk6 !delay discounting parameter
                smt5 smt6 smt7         !social media use total
                smp5 smp6 smp7         !social media use posting and scrolling
                smm5 smm6 smm7         !social media use messaging
                smv5 smv6 smv7         !social media use video watching
                eat5 eat6 eat7         !eatq-ec total
                bis5 bis6 bis7         !bis/bas behavioural inhibition
                bas5 bas6 bas7         !bis/bas behavioural activation
                bbt5 bbt6 bbt7         !bis/bas total
                hsc5 hsc6 hsc7         !highly sensitive child scale total
                sdq5 sdq6 sdq7         !strengths and difficulties total
                sdqi5 sdqi6 sdqi7      !strengths and difficulties internalising
                sdqe5 sdqe6 sdqe7      !strengths and difficulties externalising

                csm5 csm6              !compulsive social media use [aux]
                sex ses edu1           !demographics [aux]
                bsi6 bsi7              !brief symptom inventory total [aux]
                bsid6 bsid7            !brief symptom inventory depression [aux]
                bsia6 bsia7            !brief symptom inventory anxiety [aux]
                pdsi2 pds5 pds6 pds7;  !pubertal development score [aux]

      !variables used in analyses
      USEVARIABLES ARE logk5 logk6
                       smp5 smp6 smp7
                       eat5 eat6 eat7;

      !missingness marker in dataset
      MISSING ARE ALL (-999);

      !auxiliary variables to establish MAR
      AUXILIARY ARE csm5 csm6 sex ses edu1
                    bsi6 bsi7 bsid6 bsid7 bsia6 bsia7
                    pdsi2 pds5 pds6 pds7;

  ANALYSIS:
      Estimator = BAYES;
      Type = random;          !required when including interaction effects
      model = nocovariances;  !covariances should not be estimated per default
      processors = 2;         !multiple processors used to increase computing speed
      chains = 2;             !number of MCMC chains
      thin = 10;              !save every 10th iteration

      fbiter = 50000;        !PSR < 1.1 at 17,200 iterations (2x to 50,000)

  MODEL:
      !Create between components (random intercepts)
      RIsm BY smp5@1 smp6@1 smp7@1;
      RImh BY eat5@1 eat6@1 eat7@1;

      !Create within-person centred variables
      wsm_5 BY smp5@1;
      wsm_6 BY smp6@1;
      wsm_7 BY smp7@1;

      wmh_5 BY eat5@1;
      wmh_6 BY eat6@1;
      wmh_7 BY eat7@1;

      FLK6 BY logk6@1;
      FLK5 BY logk5@1;

      !Constrain measurement error variances to zero
      !or close to zero to allow for reasonable imputation times
      smp5-eat7@0.2;
      logk6@0; logk5@0;

      !Estimate the lagged effects between the within-person centred variables
      wsm_7 ON wsm_6 wmh_6;
      wmh_7 ON wsm_6 wmh_6;

      wsm_6 ON wsm_5 wmh_5;
      wmh_6 ON wsm_5 wmh_5;

      !Create interaction term interacting within-person centred bisbas score
      !with time-invariant delay discounting parameter k
      mod_dd6 | wsm_6 XWITH FLK6;
      mod_dd5 | wsm_5 XWITH FLK5;

      !predict within-person centred emotional problems with interaction
  	wmh_7 ON mod_dd6 (a);
      wmh_6 ON mod_dd5 (a);

      !Estimate covariance between random intercepts
      RIsm WITH RImh;

      !Estimate the covariance between the within-person
      !components at the first wave
      wmh_5 WITH wsm_5;

      !Estimate the covariances between the residuals of
      !the within-person components
      wmh_6 WITH wsm_6;
      wmh_7 WITH wsm_7;

  OUTPUT:
      TECH8;    !get PSR values
      STDYX;    !get standardised output



INPUT READING TERMINATED NORMALLY



RI-CLPM for LCID Social Media and EATQ-EC Scale (delay discounting logk)

SUMMARY OF ANALYSIS

Number of groups                                                 1
Number of observations                                         353

Number of dependent variables                                    8
Number of independent variables                                  0
Number of continuous latent variables                           12

Observed dependent variables

  Continuous
   LOGK5       LOGK6       SMP5        SMP6        SMP7        EAT5
   EAT6        EAT7

Observed auxiliary variables
   CSM5        CSM6        SEX         SES         EDU1        BSI6
   BSI7        BSID6       BSID7       BSIA6       BSIA7       PDSI2
   PDS5        PDS6        PDS7

Continuous latent variables
   RISM        RIMH        WSM_5       WSM_6       WSM_7       WMH_5
   WMH_6       WMH_7       FLK6        FLK5        MOD_DD6     MOD_DD5


Estimator                                                    BAYES
Specifications for Bayesian Estimation
  Point estimate                                            MEDIAN
  Number of Markov chain Monte Carlo (MCMC) chains               2
  Random seed for the first chain                                0
  Starting value information                           UNPERTURBED
  Algorithm used for Markov chain Monte Carlo           GIBBS(PX1)
  Fixed number of iterations                                 50000
  K-th iteration used for thinning                              10

Input data file(s)
  C:\Users\lg05\OneDrive - University of Cambridge\repositories\win\2025_cogniti
Input data format  FREE


SUMMARY OF DATA



COVARIANCE COVERAGE OF DATA

Minimum covariance coverage value   0.100

     Number of missing data patterns            21


     PROPORTION OF DATA PRESENT


           Covariance Coverage
              LOGK5         LOGK6         SMP5          SMP6          SMP7
              ________      ________      ________      ________      ________
 LOGK5          0.850
 LOGK6          0.229         0.241
 SMP5           0.839         0.232         0.858
 SMP6           0.694         0.241         0.697         0.754
 SMP7           0.411         0.102         0.422         0.374         0.535
 EAT5           0.844         0.232         0.858         0.703         0.425
 EAT6           0.697         0.241         0.703         0.754         0.380
 EAT7           0.411         0.102         0.422         0.374         0.535


           Covariance Coverage
              EAT5          EAT6          EAT7
              ________      ________      ________
 EAT5           0.864
 EAT6           0.708         0.759
 EAT7           0.425         0.380         0.535



UNIVARIATE SAMPLE STATISTICS


     UNIVARIATE HIGHER-ORDER MOMENT DESCRIPTIVE STATISTICS

         Variable/         Mean/     Skewness/   Minimum/ % with                Percentiles
        Sample Size      Variance    Kurtosis    Maximum  Min/Max      20%/60%    40%/80%    Median

     LOGK5                 3.818       0.541       0.142    0.33%       1.535      2.794      3.475
             300.000       6.185      -0.444      10.312    0.33%       4.244      6.033
     LOGK6                 4.634       0.252       0.310    1.18%       2.026      3.811      4.569
              85.000       5.968      -0.720      10.267    1.18%       5.390      6.846
     SMP5                  1.373       0.996       0.000   27.72%       0.000      1.000      1.000
             303.000       1.627       0.563       5.000    3.30%       1.000      2.000
     SMP6                  1.492       0.841       0.000   21.43%       0.000      1.000      1.000
             266.000       1.513       0.358       5.000    3.01%       2.000      2.000
     SMP7                  1.937       0.620       0.000   14.81%       1.000      1.000      2.000
             189.000       2.049      -0.371       5.000    8.47%       2.000      3.000
     EAT5                 54.843      -0.039      42.000    0.33%      51.000     54.000     55.000
             305.000      19.615      -0.079      69.000    0.33%      56.000     58.000
     EAT6                 54.463      -0.702      35.000    0.37%      52.000     54.000     55.000
             268.000      13.323       2.441      63.000    0.37%      55.000     57.000
     EAT7                 53.153      -0.489      39.000    0.53%      51.000     52.000     53.000
             189.000      14.035       0.887      62.000    1.06%      54.000     56.000


THE MODEL ESTIMATION TERMINATED NORMALLY

     USE THE FBITERATIONS OPTION TO INCREASE THE NUMBER OF ITERATIONS BY A FACTOR
     OF AT LEAST TWO TO CHECK CONVERGENCE AND THAT THE PSR VALUE DOES NOT INCREASE.



MODEL FIT INFORMATION

Number of Free Parameters                              31



MODEL RESULTS

                                Posterior  One-Tailed         95% C.I.
                    Estimate       S.D.      P-Value   Lower 2.5%  Upper 2.5%  Significance

 RISM     BY
    SMP5               1.000       0.000      0.000       1.000       1.000
    SMP6               1.000       0.000      0.000       1.000       1.000
    SMP7               1.000       0.000      0.000       1.000       1.000

 RIMH     BY
    EAT5               1.000       0.000      0.000       1.000       1.000
    EAT6               1.000       0.000      0.000       1.000       1.000
    EAT7               1.000       0.000      0.000       1.000       1.000

 WSM_5    BY
    SMP5               1.000       0.000      0.000       1.000       1.000

 WSM_6    BY
    SMP6               1.000       0.000      0.000       1.000       1.000

 WSM_7    BY
    SMP7               1.000       0.000      0.000       1.000       1.000

 WMH_5    BY
    EAT5               1.000       0.000      0.000       1.000       1.000

 WMH_6    BY
    EAT6               1.000       0.000      0.000       1.000       1.000

 WMH_7    BY
    EAT7               1.000       0.000      0.000       1.000       1.000

 FLK6     BY
    LOGK6              1.000       0.000      0.000       1.000       1.000

 FLK5     BY
    LOGK5              1.000       0.000      0.000       1.000       1.000

 WSM_7      ON
    WSM_6             -0.029       0.262      0.455      -0.642       0.381
    WMH_6             -0.032       0.056      0.283      -0.133       0.088

 WMH_7      ON
    WSM_6             -0.535       0.592      0.177      -1.678       0.686
    WMH_6              0.079       0.156      0.307      -0.267       0.345
    MOD_DD6            0.084       0.121      0.241      -0.150       0.326

 WSM_6      ON
    WSM_5              0.339       0.127      0.009       0.067       0.561      *
    WMH_5              0.024       0.021      0.121      -0.016       0.067

 WMH_6      ON
    WSM_5              0.166       0.388      0.331      -0.561       0.966
    WMH_5              0.071       0.081      0.199      -0.097       0.216
    MOD_DD5            0.084       0.121      0.241      -0.150       0.326

 RISM     WITH
    RIMH              -0.292       0.322      0.191      -0.908       0.348

 WMH_5    WITH
    WSM_5             -0.061       0.419      0.441      -0.914       0.741

 WMH_6    WITH
    WSM_6              0.672       0.334      0.019       0.036       1.346      *

 WMH_7    WITH
    WSM_7             -0.626       0.485      0.092      -1.611       0.297

 Intercepts
    LOGK5              3.841       0.128      0.000       3.561       4.065      *
    LOGK6              4.622       0.173      0.000       4.292       4.960      *
    SMP5               1.367       0.074      0.000       1.223       1.512      *
    SMP6               1.498       0.075      0.000       1.350       1.646      *
    SMP7               1.932       0.107      0.000       1.721       2.140      *
    EAT5              54.871       0.260      0.000      54.353      55.381      *
    EAT6              54.478       0.229      0.000      54.030      54.932      *
    EAT7              53.103       0.284      0.000      52.543      53.661      *

 Variances
    RISM               0.438       0.164      0.000       0.103       0.740      *
    RIMH               2.441       1.162      0.000       0.463       4.760      *
    WSM_5              1.048       0.189      0.000       0.728       1.464      *
    WMH_5             17.543       1.889      0.000      14.169      21.535      *
    FLK6               6.341       0.941      0.000       4.825       8.470      *
    FLK5               6.231       0.514      0.000       5.338       7.354      *

 Residual Variances
    LOGK5              0.001       0.000      0.000       0.001       0.001
    LOGK6              0.001       0.000      0.000       0.001       0.001
    SMP5               0.200       0.000      0.000       0.200       0.200
    SMP6               0.200       0.000      0.000       0.200       0.200
    SMP7               0.200       0.000      0.000       0.200       0.200
    EAT5               0.200       0.000      0.000       0.200       0.200
    EAT6               0.200       0.000      0.000       0.200       0.200
    EAT7               0.200       0.000      0.000       0.200       0.200
    WSM_6              0.778       0.136      0.000       0.516       1.052      *
    WSM_7              1.510       0.268      0.000       0.985       2.048      *
    WMH_6             10.755       1.540      0.000       7.743      13.757      *
    WMH_7             11.738       1.702      0.000       8.663      15.313      *


STANDARDIZED MODEL RESULTS


STDYX Standardization

                                Posterior  One-Tailed         95% C.I.
                    Estimate       S.D.      P-Value   Lower 2.5%  Upper 2.5%  Significance
 RISM     BY
    SMP5               0.511       0.103      0.000       0.249       0.649      *
    SMP6               0.529       0.111      0.000       0.255       0.690      *
    SMP7               0.444       0.091      0.000       0.217       0.571      *

 RIMH     BY
    EAT5               0.348       0.088      0.000       0.151       0.483      *
    EAT6               0.418       0.108      0.000       0.181       0.587      *
    EAT7               0.400       0.101      0.000       0.174       0.552      *

 WSM_5    BY
    SMP5               0.788       0.060      0.000       0.677       0.905      *

 WSM_6    BY
    SMP6               0.770       0.071      0.000       0.625       0.900      *

 WSM_7    BY
    SMP7               0.844       0.043      0.000       0.761       0.929      *

 WMH_5    BY
    EAT5               0.932       0.031      0.000       0.870       0.984      *

 WMH_6    BY
    EAT6               0.900       0.047      0.000       0.800       0.976      *

 WMH_7    BY
    EAT7               0.909       0.041      0.000       0.826       0.978      *

 FLK6     BY
    LOGK6              1.000       0.000      0.000       1.000       1.000      *

 FLK5     BY
    LOGK5              1.000       0.000      0.000       1.000       1.000      *

 WSM_7      ON
    WSM_6             -0.022       0.193      0.455      -0.450       0.296
    WMH_6             -0.086       0.147      0.283      -0.340       0.237

 WMH_7      ON
    WSM_6             -0.146       0.153      0.177      -0.418       0.185
    WMH_6              0.075       0.146      0.307      -0.247       0.322
    MOD_DD6            0.057       0.081      0.241      -0.105       0.216

 WSM_6      ON
    WSM_5              0.361       0.126      0.009       0.076       0.567      *
    WMH_5              0.106       0.093      0.121      -0.069       0.296

 WMH_6      ON
    WSM_5              0.051       0.118      0.331      -0.172       0.291
    WMH_5              0.089       0.100      0.199      -0.124       0.261
    MOD_DD5            0.065       0.091      0.241      -0.113       0.241

 RISM     WITH
    RIMH              -0.303       0.356      0.191      -0.901       0.558

 WMH_5    WITH
    WSM_5             -0.014       0.097      0.441      -0.200       0.179

 WMH_6    WITH
    WSM_6              0.234       0.125      0.019       0.012       0.504      *

 WMH_7    WITH
    WSM_7             -0.150       0.119      0.092      -0.393       0.072

 Intercepts
    LOGK5              1.538       0.081      0.000       1.373       1.691      *
    LOGK6              1.825       0.152      0.000       1.558       2.151      *
    SMP5               1.053       0.072      0.000       0.913       1.194      *
    SMP6               1.198       0.080      0.000       1.043       1.355      *
    SMP7               1.297       0.100      0.000       1.102       1.493      *
    EAT5              12.209       0.502      0.000      11.235      13.210      *
    EAT6              14.627       0.643      0.000      13.398      15.902      *
    EAT7              13.596       0.725      0.000      12.204      15.048      *

 Variances
    RISM               1.000       0.000      0.000       1.000       1.000
    RIMH               1.000       0.000      0.000       1.000       1.000
    WSM_5              1.000       0.000      0.000       1.000       1.000
    WMH_5              1.000       0.000      0.000       1.000       1.000
    FLK6               1.000       0.000      0.000       1.000       1.000
    FLK5               1.000       0.000      0.000       1.000       1.000

 Residual Variances
    LOGK5              0.000       0.000      0.000       0.000       0.000      *
    LOGK6              0.000       0.000      0.000       0.000       0.000      *
    SMP5               0.119       0.010      0.000       0.100       0.139      *
    SMP6               0.128       0.011      0.000       0.107       0.151      *
    SMP7               0.090       0.010      0.000       0.072       0.110      *
    EAT5               0.010       0.001      0.000       0.008       0.012      *
    EAT6               0.014       0.001      0.000       0.012       0.017      *
    EAT7               0.013       0.001      0.000       0.011       0.016      *
    WSM_6              0.847       0.081      0.000       0.666       0.974      *
    WSM_7              0.959       0.062      0.000       0.778       0.998      *
    WMH_6              0.960       0.033      0.000       0.875       0.996      *
    WMH_7              0.945       0.057      0.000       0.785       0.995      *


R-SQUARE

                                Posterior  One-Tailed         95% C.I.
    Variable        Estimate       S.D.      P-Value   Lower 2.5%  Upper 2.5%

    LOGK5              1.000       0.000      0.000       1.000       1.000
    LOGK6              1.000       0.000      0.000       1.000       1.000
    SMP5               0.881       0.010      0.000       0.861       0.900
    SMP6               0.872       0.011      0.000       0.849       0.893
    SMP7               0.910       0.010      0.000       0.890       0.928
    EAT5               0.990       0.001      0.000       0.988       0.992
    EAT6               0.986       0.001      0.000       0.983       0.988
    EAT7               0.987       0.001      0.000       0.984       0.989

                                Posterior  One-Tailed         95% C.I.
    Variable        Estimate       S.D.      P-Value   Lower 2.5%  Upper 2.5%

    WSM_6              0.153       0.081      0.000       0.026       0.334
    WSM_7              0.041       0.062      0.000       0.002       0.222
    WMH_6              0.040       0.033      0.000       0.004       0.125
    WMH_7              0.055       0.057      0.000       0.005       0.215


TECHNICAL 1 OUTPUT


     PARAMETER SPECIFICATION


           NU
              LOGK5         LOGK6         SMP5          SMP6          SMP7
              ________      ________      ________      ________      ________
                    1             2             3             4             5


           NU
              EAT5          EAT6          EAT7
              ________      ________      ________
                    6             7             8


           LAMBDA
              RISM          RIMH          WSM_5         WSM_6         WSM_7
              ________      ________      ________      ________      ________
 LOGK5              0             0             0             0             0
 LOGK6              0             0             0             0             0
 SMP5               0             0             0             0             0
 SMP6               0             0             0             0             0
 SMP7               0             0             0             0             0
 EAT5               0             0             0             0             0
 EAT6               0             0             0             0             0
 EAT7               0             0             0             0             0


           LAMBDA
              WMH_5         WMH_6         WMH_7         FLK6          FLK5
              ________      ________      ________      ________      ________
 LOGK5              0             0             0             0             0
 LOGK6              0             0             0             0             0
 SMP5               0             0             0             0             0
 SMP6               0             0             0             0             0
 SMP7               0             0             0             0             0
 EAT5               0             0             0             0             0
 EAT6               0             0             0             0             0
 EAT7               0             0             0             0             0


           LAMBDA
              MOD_DD6       MOD_DD5
              ________      ________
 LOGK5              0             0
 LOGK6              0             0
 SMP5               0             0
 SMP6               0             0
 SMP7               0             0
 EAT5               0             0
 EAT6               0             0
 EAT7               0             0


           THETA
              LOGK5         LOGK6         SMP5          SMP6          SMP7
              ________      ________      ________      ________      ________
 LOGK5              0
 LOGK6              0             0
 SMP5               0             0             0
 SMP6               0             0             0             0
 SMP7               0             0             0             0             0
 EAT5               0             0             0             0             0
 EAT6               0             0             0             0             0
 EAT7               0             0             0             0             0


           THETA
              EAT5          EAT6          EAT7
              ________      ________      ________
 EAT5               0
 EAT6               0             0
 EAT7               0             0             0


           ALPHA
              RISM          RIMH          WSM_5         WSM_6         WSM_7
              ________      ________      ________      ________      ________
                    0             0             0             0             0


           ALPHA
              WMH_5         WMH_6         WMH_7         FLK6          FLK5
              ________      ________      ________      ________      ________
                    0             0             0             0             0


           ALPHA
              MOD_DD6       MOD_DD5
              ________      ________
                    0             0


           BETA
              RISM          RIMH          WSM_5         WSM_6         WSM_7
              ________      ________      ________      ________      ________
 RISM               0             0             0             0             0
 RIMH               0             0             0             0             0
 WSM_5              0             0             0             0             0
 WSM_6              0             0             9             0             0
 WSM_7              0             0             0            11             0
 WMH_5              0             0             0             0             0
 WMH_6              0             0            13             0             0
 WMH_7              0             0             0            16             0
 FLK6               0             0             0             0             0
 FLK5               0             0             0             0             0
 MOD_DD6            0             0             0             0             0
 MOD_DD5            0             0             0             0             0


           BETA
              WMH_5         WMH_6         WMH_7         FLK6          FLK5
              ________      ________      ________      ________      ________
 RISM               0             0             0             0             0
 RIMH               0             0             0             0             0
 WSM_5              0             0             0             0             0
 WSM_6             10             0             0             0             0
 WSM_7              0            12             0             0             0
 WMH_5              0             0             0             0             0
 WMH_6             14             0             0             0             0
 WMH_7              0            17             0             0             0
 FLK6               0             0             0             0             0
 FLK5               0             0             0             0             0
 MOD_DD6            0             0             0             0             0
 MOD_DD5            0             0             0             0             0


           BETA
              MOD_DD6       MOD_DD5
              ________      ________
 RISM               0             0
 RIMH               0             0
 WSM_5              0             0
 WSM_6              0             0
 WSM_7              0             0
 WMH_5              0             0
 WMH_6              0            15
 WMH_7             15             0
 FLK6               0             0
 FLK5               0             0
 MOD_DD6            0             0
 MOD_DD5            0             0


           PSI
              RISM          RIMH          WSM_5         WSM_6         WSM_7
              ________      ________      ________      ________      ________
 RISM              18
 RIMH              19            20
 WSM_5              0             0            21
 WSM_6              0             0             0            22
 WSM_7              0             0             0             0            23
 WMH_5              0             0            24             0             0
 WMH_6              0             0             0            26             0
 WMH_7              0             0             0             0            28
 FLK6               0             0             0             0             0
 FLK5               0             0             0             0             0
 MOD_DD6            0             0             0             0             0
 MOD_DD5            0             0             0             0             0


           PSI
              WMH_5         WMH_6         WMH_7         FLK6          FLK5
              ________      ________      ________      ________      ________
 WMH_5             25
 WMH_6              0            27
 WMH_7              0             0            29
 FLK6               0             0             0            30
 FLK5               0             0             0             0            31
 MOD_DD6            0             0             0             0             0
 MOD_DD5            0             0             0             0             0


           PSI
              MOD_DD6       MOD_DD5
              ________      ________
 MOD_DD6            0
 MOD_DD5            0             0


     STARTING VALUES


           NU
              LOGK5         LOGK6         SMP5          SMP6          SMP7
              ________      ________      ________      ________      ________
                3.818         4.634         1.373         1.492         1.937


           NU
              EAT5          EAT6          EAT7
              ________      ________      ________
               54.843        54.463        53.153


           LAMBDA
              RISM          RIMH          WSM_5         WSM_6         WSM_7
              ________      ________      ________      ________      ________
 LOGK5          0.000         0.000         0.000         0.000         0.000
 LOGK6          0.000         0.000         0.000         0.000         0.000
 SMP5           1.000         0.000         1.000         0.000         0.000
 SMP6           1.000         0.000         0.000         1.000         0.000
 SMP7           1.000         0.000         0.000         0.000         1.000
 EAT5           0.000         1.000         0.000         0.000         0.000
 EAT6           0.000         1.000         0.000         0.000         0.000
 EAT7           0.000         1.000         0.000         0.000         0.000


           LAMBDA
              WMH_5         WMH_6         WMH_7         FLK6          FLK5
              ________      ________      ________      ________      ________
 LOGK5          0.000         0.000         0.000         0.000         1.000
 LOGK6          0.000         0.000         0.000         1.000         0.000
 SMP5           0.000         0.000         0.000         0.000         0.000
 SMP6           0.000         0.000         0.000         0.000         0.000
 SMP7           0.000         0.000         0.000         0.000         0.000
 EAT5           1.000         0.000         0.000         0.000         0.000
 EAT6           0.000         1.000         0.000         0.000         0.000
 EAT7           0.000         0.000         1.000         0.000         0.000


           LAMBDA
              MOD_DD6       MOD_DD5
              ________      ________
 LOGK5          0.000         0.000
 LOGK6          0.000         0.000
 SMP5           0.000         0.000
 SMP6           0.000         0.000
 SMP7           0.000         0.000
 EAT5           0.000         0.000
 EAT6           0.000         0.000
 EAT7           0.000         0.000


           THETA
              LOGK5         LOGK6         SMP5          SMP6          SMP7
              ________      ________      ________      ________      ________
 LOGK5          0.000
 LOGK6          0.000         0.000
 SMP5           0.000         0.000         0.200
 SMP6           0.000         0.000         0.000         0.200
 SMP7           0.000         0.000         0.000         0.000         0.200
 EAT5           0.000         0.000         0.000         0.000         0.000
 EAT6           0.000         0.000         0.000         0.000         0.000
 EAT7           0.000         0.000         0.000         0.000         0.000


           THETA
              EAT5          EAT6          EAT7
              ________      ________      ________
 EAT5           0.200
 EAT6           0.000         0.200
 EAT7           0.000         0.000         0.200


           ALPHA
              RISM          RIMH          WSM_5         WSM_6         WSM_7
              ________      ________      ________      ________      ________
                0.000         0.000         0.000         0.000         0.000


           ALPHA
              WMH_5         WMH_6         WMH_7         FLK6          FLK5
              ________      ________      ________      ________      ________
                0.000         0.000         0.000         0.000         0.000


           ALPHA
              MOD_DD6       MOD_DD5
              ________      ________
                0.000         0.000


           BETA
              RISM          RIMH          WSM_5         WSM_6         WSM_7
              ________      ________      ________      ________      ________
 RISM           0.000         0.000         0.000         0.000         0.000
 RIMH           0.000         0.000         0.000         0.000         0.000
 WSM_5          0.000         0.000         0.000         0.000         0.000
 WSM_6          0.000         0.000         0.000         0.000         0.000
 WSM_7          0.000         0.000         0.000         0.000         0.000
 WMH_5          0.000         0.000         0.000         0.000         0.000
 WMH_6          0.000         0.000         0.000         0.000         0.000
 WMH_7          0.000         0.000         0.000         0.000         0.000
 FLK6           0.000         0.000         0.000         0.000         0.000
 FLK5           0.000         0.000         0.000         0.000         0.000
 MOD_DD6        0.000         0.000         0.000         0.000         0.000
 MOD_DD5        0.000         0.000         0.000         0.000         0.000


           BETA
              WMH_5         WMH_6         WMH_7         FLK6          FLK5
              ________      ________      ________      ________      ________
 RISM           0.000         0.000         0.000         0.000         0.000
 RIMH           0.000         0.000         0.000         0.000         0.000
 WSM_5          0.000         0.000         0.000         0.000         0.000
 WSM_6          0.000         0.000         0.000         0.000         0.000
 WSM_7          0.000         0.000         0.000         0.000         0.000
 WMH_5          0.000         0.000         0.000         0.000         0.000
 WMH_6          0.000         0.000         0.000         0.000         0.000
 WMH_7          0.000         0.000         0.000         0.000         0.000
 FLK6           0.000         0.000         0.000         0.000         0.000
 FLK5           0.000         0.000         0.000         0.000         0.000
 MOD_DD6        0.000         0.000         0.000         0.000         0.000
 MOD_DD5        0.000         0.000         0.000         0.000         0.000


           BETA
              MOD_DD6       MOD_DD5
              ________      ________
 RISM           0.000         0.000
 RIMH           0.000         0.000
 WSM_5          0.000         0.000
 WSM_6          0.000         0.000
 WSM_7          0.000         0.000
 WMH_5          0.000         0.000
 WMH_6          0.000         0.000
 WMH_7          0.000         0.000
 FLK6           0.000         0.000
 FLK5           0.000         0.000
 MOD_DD6        0.000         0.000
 MOD_DD5        0.000         0.000


           PSI
              RISM          RIMH          WSM_5         WSM_6         WSM_7
              ________      ________      ________      ________      ________
 RISM           1.000
 RIMH           0.000         1.000
 WSM_5          0.000         0.000         1.000
 WSM_6          0.000         0.000         0.000         1.000
 WSM_7          0.000         0.000         0.000         0.000         1.000
 WMH_5          0.000         0.000         0.000         0.000         0.000
 WMH_6          0.000         0.000         0.000         0.000         0.000
 WMH_7          0.000         0.000         0.000         0.000         0.000
 FLK6           0.000         0.000         0.000         0.000         0.000
 FLK5           0.000         0.000         0.000         0.000         0.000
 MOD_DD6        0.000         0.000         0.000         0.000         0.000
 MOD_DD5        0.000         0.000         0.000         0.000         0.000


           PSI
              WMH_5         WMH_6         WMH_7         FLK6          FLK5
              ________      ________      ________      ________      ________
 WMH_5          1.000
 WMH_6          0.000         1.000
 WMH_7          0.000         0.000         1.000
 FLK6           0.000         0.000         0.000         1.000
 FLK5           0.000         0.000         0.000         0.000         1.000
 MOD_DD6        0.000         0.000         0.000         0.000         0.000
 MOD_DD5        0.000         0.000         0.000         0.000         0.000


           PSI
              MOD_DD6       MOD_DD5
              ________      ________
 MOD_DD6        0.000
 MOD_DD5        0.000         0.000



     PRIORS FOR ALL PARAMETERS            PRIOR MEAN      PRIOR VARIANCE     PRIOR STD. DEV.

     Parameter 1~N(0.000,infinity)           0.0000            infinity            infinity
     Parameter 2~N(0.000,infinity)           0.0000            infinity            infinity
     Parameter 3~N(0.000,infinity)           0.0000            infinity            infinity
     Parameter 4~N(0.000,infinity)           0.0000            infinity            infinity
     Parameter 5~N(0.000,infinity)           0.0000            infinity            infinity
     Parameter 6~N(0.000,infinity)           0.0000            infinity            infinity
     Parameter 7~N(0.000,infinity)           0.0000            infinity            infinity
     Parameter 8~N(0.000,infinity)           0.0000            infinity            infinity
     Parameter 9~N(0.000,infinity)           0.0000            infinity            infinity
     Parameter 10~N(0.000,infinity)          0.0000            infinity            infinity
     Parameter 11~N(0.000,infinity)          0.0000            infinity            infinity
     Parameter 12~N(0.000,infinity)          0.0000            infinity            infinity
     Parameter 13~N(0.000,infinity)          0.0000            infinity            infinity
     Parameter 14~N(0.000,infinity)          0.0000            infinity            infinity
     Parameter 15~N(0.000,infinity)          0.0000            infinity            infinity
     Parameter 16~N(0.000,infinity)          0.0000            infinity            infinity
     Parameter 17~N(0.000,infinity)          0.0000            infinity            infinity
     Parameter 18~IW(0.000,-3)             infinity            infinity            infinity
     Parameter 19~IW(0.000,-3)             infinity            infinity            infinity
     Parameter 20~IW(0.000,-3)             infinity            infinity            infinity
     Parameter 21~IW(0.000,-3)             infinity            infinity            infinity
     Parameter 22~IW(0.000,-3)             infinity            infinity            infinity
     Parameter 23~IW(0.000,-3)             infinity            infinity            infinity
     Parameter 24~IW(0.000,-3)             infinity            infinity            infinity
     Parameter 25~IW(0.000,-3)             infinity            infinity            infinity
     Parameter 26~IW(0.000,-3)             infinity            infinity            infinity
     Parameter 27~IW(0.000,-3)             infinity            infinity            infinity
     Parameter 28~IW(0.000,-3)             infinity            infinity            infinity
     Parameter 29~IW(0.000,-3)             infinity            infinity            infinity
     Parameter 30~IG(-1.000,0.000)         infinity            infinity            infinity
     Parameter 31~IG(-1.000,0.000)         infinity            infinity            infinity


TECHNICAL 8 OUTPUT


   TECHNICAL 8 OUTPUT FOR BAYES ESTIMATION

     CHAIN    BSEED
     1        0
     2        285380

                     POTENTIAL       PARAMETER WITH
     ITERATION    SCALE REDUCTION      HIGHEST PSR
     100             14.506               16
     200              5.913               24
     300              3.457               1
     400              3.022               2
     500              2.315               2
     600              2.008               30
     700              1.830               30
     800              1.604               30
     900              1.438               15
     1000             2.018               2
     1100             3.174               2
     1200             3.727               2
     1300             3.402               2
     1400             2.487               2
     1500             2.117               1
     1600             2.102               1
     1700             2.223               1
     1800             2.394               1
     1900             2.383               1
     2000             2.265               1
     2100             2.213               1
     2200             2.237               1
     2300             2.234               1
     2400             2.261               1
     2500             2.304               1
     2600             2.312               1
     2700             2.296               1
     2800             2.196               1
     2900             2.135               1
     3000             2.160               1
     3100             2.167               1
     3200             2.240               1
     3300             2.311               1
     3400             2.328               1
     3500             2.319               1
     3600             2.246               1
     3700             2.304               1
     3800             2.373               1
     3900             2.364               1
     4000             2.346               1
     4100             2.353               1
     4200             2.301               1
     4300             2.231               1
     4400             2.011               1
     4500             1.832               1
     4600             1.601               1
     4700             1.531               30
     4800             1.587               30
     4900             1.650               30
     5000             1.706               30
     5100             1.746               30
     5200             1.769               30
     5300             1.798               30
     5400             1.834               30
     5500             1.886               30
     5600             1.942               30
     5700             1.992               30
     5800             2.031               30
     5900             2.063               30
     6000             2.064               30
     6100             2.071               30
     6200             2.053               30
     6300             2.053               30
     6400             2.044               30
     6500             2.044               30
     6600             2.056               30
     6700             2.060               30
     6800             2.072               30
     6900             2.086               30
     7000             2.086               30
     7100             2.082               30
     7200             2.066               30
     7300             2.042               30
     7400             2.014               30
     7500             1.983               30
     7600             1.945               30
     7700             1.891               30
     7800             1.837               30
     7900             1.801               30
     8000             1.762               30
     8100             1.728               30
     8200             1.693               30
     8300             1.654               30
     8400             1.623               30
     8500             1.597               30
     8600             1.571               30
     8700             1.551               30
     8800             1.537               30
     8900             1.522               30
     9000             1.510               30
     9100             1.492               30
     9200             1.474               30
     9300             1.456               30
     9400             1.442               30
     9500             1.422               30
     9600             1.398               30
     9700             1.376               30
     9800             1.353               30
     9900             1.335               30
     10000            1.319               30
     10100            1.301               30
     10200            1.285               30
     10300            1.269               30
     10400            1.251               30
     10500            1.235               30
     10600            1.223               1
     10700            1.222               1
     10800            1.218               1
     10900            1.208               1
     11000            1.189               1
     11100            1.176               1
     11200            1.161               1
     11300            1.159               1
     11400            1.161               1
     11500            1.168               1
     11600            1.178               1
     11700            1.195               1
     11800            1.211               1
     11900            1.222               1
     12000            1.228               1
     12100            1.229               1
     12200            1.236               1
     12300            1.242               1
     12400            1.250               1
     12500            1.256               1
     12600            1.260               1
     12700            1.256               1
     12800            1.250               1
     12900            1.230               1
     13000            1.222               1
     13100            1.223               1
     13200            1.223               1
     13300            1.216               1
     13400            1.216               1
     13500            1.222               1
     13600            1.228               1
     13700            1.236               1
     13800            1.241               1
     13900            1.242               1
     14000            1.239               1
     14100            1.236               1
     14200            1.228               1
     14300            1.223               1
     14400            1.217               1
     14500            1.209               1
     14600            1.193               1
     14700            1.177               1
     14800            1.172               1
     14900            1.169               1
     15000            1.170               1
     15100            1.169               1
     15200            1.168               1
     15300            1.164               1
     15400            1.159               1
     15500            1.159               1
     15600            1.159               1
     15700            1.159               1
     15800            1.157               1
     15900            1.153               1
     16000            1.145               1
     16100            1.140               1
     16200            1.132               1
     16300            1.133               30
     16400            1.135               30
     16500            1.133               30
     16600            1.131               30
     16700            1.128               30
     16800            1.119               30
     16900            1.111               30
     17000            1.102               30
     17100            1.090               30
     17200            1.078               30
     17300            1.067               30
     17400            1.056               30
     17500            1.057               15
     17600            1.059               15
     17700            1.059               15
     17800            1.058               15
     17900            1.060               15
     18000            1.062               15
     18100            1.062               15
     18200            1.062               15
     18300            1.065               15
     18400            1.069               15
     18500            1.074               15
     18600            1.076               15
     18700            1.078               15
     18800            1.078               15
     18900            1.075               15
     19000            1.071               15
     19100            1.070               15
     19200            1.071               15
     19300            1.073               15
     19400            1.072               15
     19500            1.071               15
     19600            1.067               15
     19700            1.064               15
     19800            1.060               15
     19900            1.058               2
     20000            1.056               15
     20100            1.055               15
     20200            1.053               15
     20300            1.052               15
     20400            1.053               15
     20500            1.053               15
     20600            1.053               15
     20700            1.053               15
     20800            1.054               15
     20900            1.055               2
     21000            1.056               30
     21100            1.061               30
     21200            1.066               30
     21300            1.071               30
     21400            1.074               30
     21500            1.077               30
     21600            1.080               30
     21700            1.083               30
     21800            1.085               30
     21900            1.088               30
     22000            1.091               30
     22100            1.094               30
     22200            1.098               30
     22300            1.102               30
     22400            1.107               30
     22500            1.112               30
     22600            1.118               30
     22700            1.124               30
     22800            1.130               30
     22900            1.138               30
     23000            1.145               30
     23100            1.152               30
     23200            1.161               30
     23300            1.168               30
     23400            1.176               30
     23500            1.183               30
     23600            1.188               30
     23700            1.191               30
     23800            1.194               30
     23900            1.198               30
     24000            1.202               30
     24100            1.208               30
     24200            1.214               30
     24300            1.220               30
     24400            1.226               30
     24500            1.228               30
     24600            1.230               30
     24700            1.230               30
     24800            1.229               30
     24900            1.231               30
     25000            1.236               30
     25100            1.240               30
     25200            1.244               30
     25300            1.249               30
     25400            1.255               30
     25500            1.261               30
     25600            1.267               30
     25700            1.270               30
     25800            1.272               30
     25900            1.273               30
     26000            1.274               30
     26100            1.276               30
     26200            1.277               30
     26300            1.275               30
     26400            1.272               30
     26500            1.269               30
     26600            1.264               30
     26700            1.257               30
     26800            1.250               30
     26900            1.243               30
     27000            1.236               30
     27100            1.229               30
     27200            1.223               30
     27300            1.215               30
     27400            1.210               2
     27500            1.209               2
     27600            1.207               2
     27700            1.202               2
     27800            1.198               2
     27900            1.194               2
     28000            1.189               2
     28100            1.184               2
     28200            1.179               2
     28300            1.176               30
     28400            1.173               30
     28500            1.171               30
     28600            1.170               30
     28700            1.167               30
     28800            1.164               30
     28900            1.162               30
     29000            1.160               30
     29100            1.160               30
     29200            1.159               30
     29300            1.158               30
     29400            1.159               30
     29500            1.161               30
     29600            1.163               30
     29700            1.166               30
     29800            1.167               30
     29900            1.167               30
     30000            1.167               30
     30100            1.167               30
     30200            1.165               30
     30300            1.162               30
     30400            1.159               30
     30500            1.155               30
     30600            1.154               30
     30700            1.153               30
     30800            1.154               30
     30900            1.156               30
     31000            1.157               30
     31100            1.159               30
     31200            1.162               30
     31300            1.166               30
     31400            1.170               30
     31500            1.175               30
     31600            1.180               30
     31700            1.185               30
     31800            1.189               30
     31900            1.194               30
     32000            1.198               30
     32100            1.203               30
     32200            1.205               30
     32300            1.208               30
     32400            1.211               30
     32500            1.214               30
     32600            1.215               30
     32700            1.214               30
     32800            1.212               30
     32900            1.211               30
     33000            1.211               30
     33100            1.212               30
     33200            1.212               30
     33300            1.212               30
     33400            1.211               30
     33500            1.208               30
     33600            1.203               30
     33700            1.199               30
     33800            1.195               30
     33900            1.192               30
     34000            1.187               30
     34100            1.183               30
     34200            1.180               30
     34300            1.178               30
     34400            1.175               30
     34500            1.173               30
     34600            1.170               30
     34700            1.167               30
     34800            1.165               30
     34900            1.163               30
     35000            1.160               30
     35100            1.158               30
     35200            1.157               30
     35300            1.155               30
     35400            1.152               30
     35500            1.149               30
     35600            1.145               30
     35700            1.141               30
     35800            1.137               30
     35900            1.132               30
     36000            1.128               30
     36100            1.124               30
     36200            1.121               30
     36300            1.119               30
     36400            1.114               30
     36500            1.108               30
     36600            1.102               30
     36700            1.095               30
     36800            1.089               30
     36900            1.084               30
     37000            1.080               30
     37100            1.076               30
     37200            1.072               30
     37300            1.068               30
     37400            1.065               30
     37500            1.062               30
     37600            1.058               30
     37700            1.055               30
     37800            1.051               30
     37900            1.047               30
     38000            1.044               30
     38100            1.042               30
     38200            1.039               30
     38300            1.036               30
     38400            1.034               30
     38500            1.033               30
     38600            1.031               30
     38700            1.029               30
     38800            1.029               20
     38900            1.031               20
     39000            1.033               20
     39100            1.035               20
     39200            1.036               20
     39300            1.037               20
     39400            1.035               20
     39500            1.033               20
     39600            1.032               20
     39700            1.033               20
     39800            1.034               20
     39900            1.037               20
     40000            1.039               20
     40100            1.040               20
     40200            1.042               20
     40300            1.043               20
     40400            1.044               20
     40500            1.043               20
     40600            1.043               20
     40700            1.042               20
     40800            1.044               20
     40900            1.045               20
     41000            1.046               20
     41100            1.048               20
     41200            1.049               20
     41300            1.050               20
     41400            1.049               20
     41500            1.048               20
     41600            1.046               20
     41700            1.043               20
     41800            1.043               20
     41900            1.044               20
     42000            1.044               20
     42100            1.045               20
     42200            1.045               20
     42300            1.043               20
     42400            1.042               20
     42500            1.041               20
     42600            1.041               20
     42700            1.038               20
     42800            1.035               20
     42900            1.032               20
     43000            1.030               20
     43100            1.030               20
     43200            1.029               20
     43300            1.028               20
     43400            1.027               20
     43500            1.027               20
     43600            1.028               20
     43700            1.028               20
     43800            1.029               20
     43900            1.029               20
     44000            1.028               20
     44100            1.026               20
     44200            1.026               20
     44300            1.025               20
     44400            1.026               20
     44500            1.026               20
     44600            1.027               20
     44700            1.028               20
     44800            1.028               20
     44900            1.029               20
     45000            1.031               20
     45100            1.031               20
     45200            1.030               20
     45300            1.030               20
     45400            1.029               20
     45500            1.028               20
     45600            1.027               20
     45700            1.026               20
     45800            1.026               20
     45900            1.025               15
     46000            1.026               15
     46100            1.028               15
     46200            1.029               15
     46300            1.030               15
     46400            1.032               15
     46500            1.034               15
     46600            1.035               15
     46700            1.037               15
     46800            1.039               15
     46900            1.040               15
     47000            1.042               15
     47100            1.042               15
     47200            1.042               15
     47300            1.043               15
     47400            1.044               15
     47500            1.044               15
     47600            1.044               15
     47700            1.042               15
     47800            1.042               15
     47900            1.043               20
     48000            1.044               20
     48100            1.043               20
     48200            1.042               20
     48300            1.042               20
     48400            1.042               20
     48500            1.044               20
     48600            1.044               20
     48700            1.044               20
     48800            1.044               20
     48900            1.045               20
     49000            1.046               20
     49100            1.047               20
     49200            1.048               20
     49300            1.048               20
     49400            1.049               20
     49500            1.051               20
     49600            1.053               20
     49700            1.054               20
     49800            1.054               20
     49900            1.052               20
     50000            1.050               20


DIAGRAM INFORMATION

  Use View Diagram under the Diagram menu in the Mplus Editor to view the diagram.
  If running Mplus from the Mplus Diagrammer, the diagram opens automatically.

  Diagram output
    c:\users\lg05\onedrive - university of cambridge\repositories\win\2025_cognitive_phenotype\code\mplus\moderation_log

     Beginning Time:  10:05:38
        Ending Time:  12:39:40
       Elapsed Time:  02:34:02



MUTHEN & MUTHEN
3463 Stoner Ave.
Los Angeles, CA  90066

Tel: (310) 391-9971
Fax: (310) 391-8971
Web: www.StatModel.com
Support: Support@StatModel.com

Copyright (c) 1998-2023 Muthen & Muthen
