Mplus VERSION 8.9
MUTHEN & MUTHEN
04/01/2025  10:04 AM

INPUT INSTRUCTIONS

  TITLE: RI-CLPM for LCID Social Media and SDQ Scale (delay discounting logk)

  DATA:
      FILE = "C:\Users\lg05\OneDrive - University of Cambridge\repositories\
      win\2025_cognitive_phenotype\data\mplus\lcid_logk_sdq.dat";

  VARIABLE:
      !variable names included in dataset
      NAMES ARE logk2 logk3 logk4 logk5 logk6 !delay discounting parameter
                smt5 smt6 smt7         !social media use total
                smp5 smp6 smp7         !social media use posting and scrolling
                smm5 smm6 smm7         !social media use messaging
                smv5 smv6 smv7         !social media use video watching
                eat5 eat6 eat7         !eatq-ec total
                bis5 bis6 bis7         !bis/bas behavioural inhibition
                bas5 bas6 bas7         !bis/bas behavioural activation
                bbt5 bbt6 bbt7         !bis/bas total
                hsc5 hsc6 hsc7         !highly sensitive child scale total
                sdq5 sdq6 sdq7         !strengths and difficulties total
                sdqi5 sdqi6 sdqi7      !strengths and difficulties internalising
                sdqe5 sdqe6 sdqe7      !strengths and difficulties externalising

                csm5 csm6              !compulsive social media use [aux]
                sex ses edu1           !demographics [aux]
                bsi6 bsi7              !brief symptom inventory total [aux]
                bsid6 bsid7            !brief symptom inventory depression [aux]
                bsia6 bsia7            !brief symptom inventory anxiety [aux]
                pdsi2 pds5 pds6 pds7;  !pubertal development score [aux]

      !variables used in analyses
      USEVARIABLES ARE logk5 logk6
                       smp5 smp6 smp7
                       sdq5 sdq6 sdq7;

      !missingness marker in dataset
      MISSING ARE ALL (-999);

      !auxiliary variables to establish MAR
      AUXILIARY ARE csm5 csm6 sex ses edu1
                    bsi6 bsi7 bsid6 bsid7 bsia6 bsia7
                    pdsi2 pds5 pds6 pds7;

   ANALYSIS:
       Estimator = BAYES;
       Type = random;          !required when including interaction effects
       model = nocovariances;  !covariances should not be estimated per default
       processors = 2;         !multiple processors used to increase computing speed
       chains = 2;             !number of MCMC chains
       thin = 10;              !save every 10th iteration


       fbiter = 30000;         !PSR < 1.1 at 7,300 iterations (2x to 15,000)
                               !PSR > 1.1 at 15,000 iterations (2x to 30,000)

  MODEL:
      !Create between components (random intercepts)
      RIsm BY smp5@1 smp6@1 smp7@1;
      RImh BY sdq5@1 sdq6@1 sdq7@1;

      !Create within-person centred variables
      wsm_5 BY smp5@1;
      wsm_6 BY smp6@1;
      wsm_7 BY smp7@1;

      wmh_5 BY sdq5@1;
      wmh_6 BY sdq6@1;
      wmh_7 BY sdq7@1;

      FLK6 BY logk6@1;
      FLK5 BY logk5@1;

      !Constrain measurement error variances to zero
      !or close to zero to allow for reasonable imputation times
      smp5-sdq7@0.2;
      logk6@0; logk5@0;

      !Estimate the lagged effects between the within-person centred variables
      wsm_7 ON wsm_6 wmh_6;
      wmh_7 ON wsm_6 wmh_6;

      wsm_6 ON wsm_5 wmh_5;
      wmh_6 ON wsm_5 wmh_5;

      !Create interaction term interacting within-person centred bisbas score
      !with time-invariant delay discounting parameter k
      mod_dd6 | wsm_6 XWITH FLK6;
      mod_dd5 | wsm_5 XWITH FLK5;

      !predict within-person centred emotional problems with interaction
  	wmh_7 ON mod_dd6 (a);
      wmh_6 ON mod_dd5 (a);

      !Estimate covariance between random intercepts
      RIsm WITH RImh;

      !Estimate the covariance between the within-person
      !components at the first wave
      wmh_5 WITH wsm_5;

      !Estimate the covariances between the residuals of
      !the within-person components
      wmh_6 WITH wsm_6;
      wmh_7 WITH wsm_7;

  OUTPUT:
      TECH8;    !get PSR values
      STDYX;    !get standardised output



INPUT READING TERMINATED NORMALLY



RI-CLPM for LCID Social Media and SDQ Scale (delay discounting logk)

SUMMARY OF ANALYSIS

Number of groups                                                 1
Number of observations                                         358

Number of dependent variables                                    8
Number of independent variables                                  0
Number of continuous latent variables                           12

Observed dependent variables

  Continuous
   LOGK5       LOGK6       SMP5        SMP6        SMP7        SDQ5
   SDQ6        SDQ7

Observed auxiliary variables
   CSM5        CSM6        SEX         SES         EDU1        BSI6
   BSI7        BSID6       BSID7       BSIA6       BSIA7       PDSI2
   PDS5        PDS6        PDS7

Continuous latent variables
   RISM        RIMH        WSM_5       WSM_6       WSM_7       WMH_5
   WMH_6       WMH_7       FLK6        FLK5        MOD_DD6     MOD_DD5


Estimator                                                    BAYES
Specifications for Bayesian Estimation
  Point estimate                                            MEDIAN
  Number of Markov chain Monte Carlo (MCMC) chains               2
  Random seed for the first chain                                0
  Starting value information                           UNPERTURBED
  Algorithm used for Markov chain Monte Carlo           GIBBS(PX1)
  Fixed number of iterations                                 30000
  K-th iteration used for thinning                              10

Input data file(s)
  C:\Users\lg05\OneDrive - University of Cambridge\repositories\win\2025_cogniti
Input data format  FREE


SUMMARY OF DATA



COVARIANCE COVERAGE OF DATA

Minimum covariance coverage value   0.100

     Number of missing data patterns            34


     PROPORTION OF DATA PRESENT


           Covariance Coverage
              LOGK5         LOGK6         SMP5          SMP6          SMP7
              ________      ________      ________      ________      ________
 LOGK5          0.838
 LOGK6          0.226         0.237
 SMP5           0.827         0.229         0.846
 SMP6           0.684         0.237         0.687         0.743
 SMP7           0.405         0.101         0.416         0.369         0.528
 SDQ5           0.832         0.229         0.846         0.693         0.419
 SDQ6           0.687         0.237         0.690         0.735         0.369
 SDQ7           0.402         0.101         0.413         0.372         0.444


           Covariance Coverage
              SDQ5          SDQ6          SDQ7
              ________      ________      ________
 SDQ5           0.852
 SDQ6           0.696         0.746
 SDQ7           0.416         0.374         0.520



UNIVARIATE SAMPLE STATISTICS


     UNIVARIATE HIGHER-ORDER MOMENT DESCRIPTIVE STATISTICS

         Variable/         Mean/     Skewness/   Minimum/ % with                Percentiles
        Sample Size      Variance    Kurtosis    Maximum  Min/Max      20%/60%    40%/80%    Median

     LOGK5                 3.818       0.541       0.142    0.33%       1.535      2.794      3.475
             300.000       6.185      -0.444      10.312    0.33%       4.244      6.033
     LOGK6                 4.634       0.252       0.310    1.18%       2.026      3.811      4.569
              85.000       5.968      -0.720      10.267    1.18%       5.390      6.846
     SMP5                  1.373       0.996       0.000   27.72%       0.000      1.000      1.000
             303.000       1.627       0.563       5.000    3.30%       1.000      2.000
     SMP6                  1.492       0.841       0.000   21.43%       0.000      1.000      1.000
             266.000       1.513       0.358       5.000    3.01%       2.000      2.000
     SMP7                  1.937       0.620       0.000   14.81%       1.000      1.000      2.000
             189.000       2.049      -0.371       5.000    8.47%       2.000      3.000
     SDQ5                 21.830       0.085      11.000    0.33%      19.000     21.000     22.000
             305.000      13.381       0.092      34.000    0.33%      23.000     25.000
     SDQ6                 22.281       0.448      12.000    0.37%      19.000     21.000     22.000
             267.000      15.992       0.558      38.000    0.37%      23.000     25.000
     SDQ7                 22.801       0.500      14.000    1.08%      20.000     22.000     22.000
             186.000      15.654       0.685      36.000    0.54%      23.000     26.000


THE MODEL ESTIMATION TERMINATED NORMALLY

     USE THE FBITERATIONS OPTION TO INCREASE THE NUMBER OF ITERATIONS BY A FACTOR
     OF AT LEAST TWO TO CHECK CONVERGENCE AND THAT THE PSR VALUE DOES NOT INCREASE.



MODEL FIT INFORMATION

Number of Free Parameters                              31



MODEL RESULTS

                                Posterior  One-Tailed         95% C.I.
                    Estimate       S.D.      P-Value   Lower 2.5%  Upper 2.5%  Significance

 RISM     BY
    SMP5               1.000       0.000      0.000       1.000       1.000
    SMP6               1.000       0.000      0.000       1.000       1.000
    SMP7               1.000       0.000      0.000       1.000       1.000

 RIMH     BY
    SDQ5               1.000       0.000      0.000       1.000       1.000
    SDQ6               1.000       0.000      0.000       1.000       1.000
    SDQ7               1.000       0.000      0.000       1.000       1.000

 WSM_5    BY
    SMP5               1.000       0.000      0.000       1.000       1.000

 WSM_6    BY
    SMP6               1.000       0.000      0.000       1.000       1.000

 WSM_7    BY
    SMP7               1.000       0.000      0.000       1.000       1.000

 WMH_5    BY
    SDQ5               1.000       0.000      0.000       1.000       1.000

 WMH_6    BY
    SDQ6               1.000       0.000      0.000       1.000       1.000

 WMH_7    BY
    SDQ7               1.000       0.000      0.000       1.000       1.000

 FLK6     BY
    LOGK6              1.000       0.000      0.000       1.000       1.000

 FLK5     BY
    LOGK5              1.000       0.000      0.000       1.000       1.000

 WSM_7      ON
    WSM_6             -0.009       0.240      0.484      -0.568       0.370
    WMH_6              0.049       0.048      0.146      -0.043       0.145

 WMH_7      ON
    WSM_6              0.617       0.557      0.134      -0.539       1.651
    WMH_6              0.118       0.135      0.194      -0.158       0.370
    MOD_DD6            0.021       0.117      0.428      -0.216       0.246

 WSM_6      ON
    WSM_5              0.361       0.129      0.008       0.072       0.572      *
    WMH_5             -0.020       0.044      0.312      -0.117       0.057

 WMH_6      ON
    WSM_5              0.400       0.386      0.153      -0.404       1.117
    WMH_5              0.150       0.192      0.217      -0.295       0.453
    MOD_DD5            0.021       0.117      0.428      -0.216       0.246

 RISM     WITH
    RIMH               0.304       0.382      0.214      -0.417       1.075

 WMH_5    WITH
    WSM_5              0.118       0.425      0.394      -0.706       0.954

 WMH_6    WITH
    WSM_6             -0.167       0.338      0.305      -0.864       0.465

 WMH_7    WITH
    WSM_7              0.585       0.558      0.141      -0.490       1.707

 Intercepts
    LOGK5              3.863       0.161      0.000       3.478       4.132      *
    LOGK6              4.585       0.192      0.000       4.270       4.973      *
    SMP5               1.370       0.074      0.000       1.225       1.514      *
    SMP6               1.506       0.075      0.000       1.360       1.652      *
    SMP7               1.918       0.107      0.000       1.705       2.128      *
    SDQ5              21.823       0.210      0.000      21.408      22.234      *
    SDQ6              22.365       0.242      0.000      21.894      22.846      *
    SDQ7              22.814       0.295      0.000      22.236      23.391      *

 Variances
    RISM               0.369       0.168      0.000       0.056       0.696      *
    RIMH               5.168       1.633      0.000       1.621       8.151      *
    WSM_5              1.102       0.200      0.000       0.749       1.526      *
    WMH_5              8.406       1.797      0.000       5.333      12.456      *
    FLK6               5.735       0.838      0.000       4.369       7.663      *
    FLK5               6.227       0.536      0.000       5.312       7.404      *

 Residual Variances
    LOGK5              0.001       0.000      0.000       0.001       0.001
    LOGK6              0.001       0.000      0.000       0.001       0.001
    SMP5               0.200       0.000      0.000       0.200       0.200
    SMP6               0.200       0.000      0.000       0.200       0.200
    SMP7               0.200       0.000      0.000       0.200       0.200
    SDQ5               0.200       0.000      0.000       0.200       0.200
    SDQ6               0.200       0.000      0.000       0.200       0.200
    SDQ7               0.200       0.000      0.000       0.200       0.200
    WSM_6              0.804       0.133      0.000       0.542       1.069      *
    WSM_7              1.569       0.276      0.000       1.027       2.126      *
    WMH_6             10.439       1.733      0.000       6.778      13.671      *
    WMH_7             11.232       1.678      0.000       8.325      14.934      *


STANDARDIZED MODEL RESULTS


STDYX Standardization

                                Posterior  One-Tailed         95% C.I.
                    Estimate       S.D.      P-Value   Lower 2.5%  Upper 2.5%  Significance
 RISM     BY
    SMP5               0.471       0.116      0.000       0.183       0.636      *
    SMP6               0.487       0.123      0.000       0.188       0.670      *
    SMP7               0.407       0.101      0.000       0.159       0.552      *

 RIMH     BY
    SDQ5               0.613       0.105      0.000       0.343       0.763      *
    SDQ6               0.558       0.099      0.000       0.311       0.707      *
    SDQ7               0.542       0.086      0.000       0.311       0.650      *

 WSM_5    BY
    SMP5               0.812       0.061      0.000       0.688       0.921      *

 WSM_6    BY
    SMP6               0.796       0.071      0.000       0.645       0.916      *

 WSM_7    BY
    SMP7               0.863       0.043      0.000       0.775       0.940      *

 WMH_5    BY
    SDQ5               0.781       0.074      0.000       0.635       0.932      *

 WMH_6    BY
    SDQ6               0.823       0.062      0.000       0.699       0.944      *

 WMH_7    BY
    SDQ7               0.833       0.048      0.000       0.753       0.944      *

 FLK6     BY
    LOGK6              1.000       0.000      0.000       1.000       1.000      *

 FLK5     BY
    LOGK5              1.000       0.000      0.000       1.000       1.000      *

 WSM_7      ON
    WSM_6             -0.007       0.178      0.484      -0.404       0.289
    WMH_6              0.129       0.121      0.146      -0.115       0.357

 WMH_7      ON
    WSM_6              0.176       0.151      0.134      -0.147       0.447
    WMH_6              0.113       0.128      0.194      -0.145       0.357
    MOD_DD6            0.014       0.080      0.428      -0.149       0.165

 WSM_6      ON
    WSM_5              0.383       0.129      0.008       0.082       0.581      *
    WMH_5             -0.059       0.128      0.312      -0.337       0.170

 WMH_6      ON
    WSM_5              0.125       0.121      0.153      -0.128       0.347
    WMH_5              0.129       0.164      0.217      -0.244       0.394
    MOD_DD5            0.017       0.090      0.428      -0.170       0.186

 RISM     WITH
    RIMH               0.229       0.331      0.214      -0.538       0.870

 WMH_5    WITH
    WSM_5              0.039       0.138      0.394      -0.253       0.285

 WMH_6    WITH
    WSM_6             -0.058       0.123      0.305      -0.326       0.164

 WMH_7    WITH
    WSM_7              0.142       0.134      0.141      -0.114       0.408

 Intercepts
    LOGK5              1.544       0.088      0.000       1.353       1.702      *
    LOGK6              1.915       0.150      0.000       1.666       2.239      *
    SMP5               1.060       0.073      0.000       0.917       1.202      *
    SMP6               1.208       0.079      0.000       1.054       1.364      *
    SMP7               1.287       0.101      0.000       1.089       1.487      *
    SDQ5               5.881       0.249      0.000       5.403       6.373      *
    SDQ6               5.493       0.247      0.000       5.015       5.984      *
    SDQ7               5.441       0.321      0.000       4.809       6.071      *

 Variances
    RISM               1.000       0.000      0.000       1.000       1.000
    RIMH               1.000       0.000      0.000       1.000       1.000
    WSM_5              1.000       0.000      0.000       1.000       1.000
    WMH_5              1.000       0.000      0.000       1.000       1.000
    FLK6               1.000       0.000      0.000       1.000       1.000
    FLK5               1.000       0.000      0.000       1.000       1.000

 Residual Variances
    LOGK5              0.000       0.000      0.000       0.000       0.000      *
    LOGK6              0.000       0.000      0.000       0.000       0.000      *
    SMP5               0.119       0.010      0.000       0.101       0.140      *
    SMP6               0.129       0.011      0.000       0.108       0.152      *
    SMP7               0.090       0.010      0.000       0.072       0.111      *
    SDQ5               0.015       0.001      0.000       0.012       0.017      *
    SDQ6               0.012       0.001      0.000       0.010       0.014      *
    SDQ7               0.011       0.001      0.000       0.009       0.014      *
    WSM_6              0.826       0.087      0.000       0.643       0.972      *
    WSM_7              0.955       0.058      0.000       0.790       0.998      *
    WMH_6              0.932       0.058      0.000       0.779       0.994      *
    WMH_7              0.928       0.067      0.000       0.749       0.994      *


R-SQUARE

                                Posterior  One-Tailed         95% C.I.
    Variable        Estimate       S.D.      P-Value   Lower 2.5%  Upper 2.5%

    LOGK5              1.000       0.000      0.000       1.000       1.000
    LOGK6              1.000       0.000      0.000       1.000       1.000
    SMP5               0.881       0.010      0.000       0.860       0.899
    SMP6               0.871       0.011      0.000       0.848       0.892
    SMP7               0.910       0.010      0.000       0.889       0.928
    SDQ5               0.985       0.001      0.000       0.983       0.988
    SDQ6               0.988       0.001      0.000       0.986       0.990
    SDQ7               0.989       0.001      0.000       0.986       0.991

                                Posterior  One-Tailed         95% C.I.
    Variable        Estimate       S.D.      P-Value   Lower 2.5%  Upper 2.5%

    WSM_6              0.174       0.087      0.000       0.028       0.356
    WSM_7              0.045       0.058      0.000       0.002       0.210
    WMH_6              0.068       0.058      0.000       0.006       0.221
    WMH_7              0.072       0.067      0.000       0.006       0.251


TECHNICAL 1 OUTPUT


     PARAMETER SPECIFICATION


           NU
              LOGK5         LOGK6         SMP5          SMP6          SMP7
              ________      ________      ________      ________      ________
                    1             2             3             4             5


           NU
              SDQ5          SDQ6          SDQ7
              ________      ________      ________
                    6             7             8


           LAMBDA
              RISM          RIMH          WSM_5         WSM_6         WSM_7
              ________      ________      ________      ________      ________
 LOGK5              0             0             0             0             0
 LOGK6              0             0             0             0             0
 SMP5               0             0             0             0             0
 SMP6               0             0             0             0             0
 SMP7               0             0             0             0             0
 SDQ5               0             0             0             0             0
 SDQ6               0             0             0             0             0
 SDQ7               0             0             0             0             0


           LAMBDA
              WMH_5         WMH_6         WMH_7         FLK6          FLK5
              ________      ________      ________      ________      ________
 LOGK5              0             0             0             0             0
 LOGK6              0             0             0             0             0
 SMP5               0             0             0             0             0
 SMP6               0             0             0             0             0
 SMP7               0             0             0             0             0
 SDQ5               0             0             0             0             0
 SDQ6               0             0             0             0             0
 SDQ7               0             0             0             0             0


           LAMBDA
              MOD_DD6       MOD_DD5
              ________      ________
 LOGK5              0             0
 LOGK6              0             0
 SMP5               0             0
 SMP6               0             0
 SMP7               0             0
 SDQ5               0             0
 SDQ6               0             0
 SDQ7               0             0


           THETA
              LOGK5         LOGK6         SMP5          SMP6          SMP7
              ________      ________      ________      ________      ________
 LOGK5              0
 LOGK6              0             0
 SMP5               0             0             0
 SMP6               0             0             0             0
 SMP7               0             0             0             0             0
 SDQ5               0             0             0             0             0
 SDQ6               0             0             0             0             0
 SDQ7               0             0             0             0             0


           THETA
              SDQ5          SDQ6          SDQ7
              ________      ________      ________
 SDQ5               0
 SDQ6               0             0
 SDQ7               0             0             0


           ALPHA
              RISM          RIMH          WSM_5         WSM_6         WSM_7
              ________      ________      ________      ________      ________
                    0             0             0             0             0


           ALPHA
              WMH_5         WMH_6         WMH_7         FLK6          FLK5
              ________      ________      ________      ________      ________
                    0             0             0             0             0


           ALPHA
              MOD_DD6       MOD_DD5
              ________      ________
                    0             0


           BETA
              RISM          RIMH          WSM_5         WSM_6         WSM_7
              ________      ________      ________      ________      ________
 RISM               0             0             0             0             0
 RIMH               0             0             0             0             0
 WSM_5              0             0             0             0             0
 WSM_6              0             0             9             0             0
 WSM_7              0             0             0            11             0
 WMH_5              0             0             0             0             0
 WMH_6              0             0            13             0             0
 WMH_7              0             0             0            16             0
 FLK6               0             0             0             0             0
 FLK5               0             0             0             0             0
 MOD_DD6            0             0             0             0             0
 MOD_DD5            0             0             0             0             0


           BETA
              WMH_5         WMH_6         WMH_7         FLK6          FLK5
              ________      ________      ________      ________      ________
 RISM               0             0             0             0             0
 RIMH               0             0             0             0             0
 WSM_5              0             0             0             0             0
 WSM_6             10             0             0             0             0
 WSM_7              0            12             0             0             0
 WMH_5              0             0             0             0             0
 WMH_6             14             0             0             0             0
 WMH_7              0            17             0             0             0
 FLK6               0             0             0             0             0
 FLK5               0             0             0             0             0
 MOD_DD6            0             0             0             0             0
 MOD_DD5            0             0             0             0             0


           BETA
              MOD_DD6       MOD_DD5
              ________      ________
 RISM               0             0
 RIMH               0             0
 WSM_5              0             0
 WSM_6              0             0
 WSM_7              0             0
 WMH_5              0             0
 WMH_6              0            15
 WMH_7             15             0
 FLK6               0             0
 FLK5               0             0
 MOD_DD6            0             0
 MOD_DD5            0             0


           PSI
              RISM          RIMH          WSM_5         WSM_6         WSM_7
              ________      ________      ________      ________      ________
 RISM              18
 RIMH              19            20
 WSM_5              0             0            21
 WSM_6              0             0             0            22
 WSM_7              0             0             0             0            23
 WMH_5              0             0            24             0             0
 WMH_6              0             0             0            26             0
 WMH_7              0             0             0             0            28
 FLK6               0             0             0             0             0
 FLK5               0             0             0             0             0
 MOD_DD6            0             0             0             0             0
 MOD_DD5            0             0             0             0             0


           PSI
              WMH_5         WMH_6         WMH_7         FLK6          FLK5
              ________      ________      ________      ________      ________
 WMH_5             25
 WMH_6              0            27
 WMH_7              0             0            29
 FLK6               0             0             0            30
 FLK5               0             0             0             0            31
 MOD_DD6            0             0             0             0             0
 MOD_DD5            0             0             0             0             0


           PSI
              MOD_DD6       MOD_DD5
              ________      ________
 MOD_DD6            0
 MOD_DD5            0             0


     STARTING VALUES


           NU
              LOGK5         LOGK6         SMP5          SMP6          SMP7
              ________      ________      ________      ________      ________
                3.818         4.634         1.373         1.492         1.937


           NU
              SDQ5          SDQ6          SDQ7
              ________      ________      ________
               21.830        22.281        22.801


           LAMBDA
              RISM          RIMH          WSM_5         WSM_6         WSM_7
              ________      ________      ________      ________      ________
 LOGK5          0.000         0.000         0.000         0.000         0.000
 LOGK6          0.000         0.000         0.000         0.000         0.000
 SMP5           1.000         0.000         1.000         0.000         0.000
 SMP6           1.000         0.000         0.000         1.000         0.000
 SMP7           1.000         0.000         0.000         0.000         1.000
 SDQ5           0.000         1.000         0.000         0.000         0.000
 SDQ6           0.000         1.000         0.000         0.000         0.000
 SDQ7           0.000         1.000         0.000         0.000         0.000


           LAMBDA
              WMH_5         WMH_6         WMH_7         FLK6          FLK5
              ________      ________      ________      ________      ________
 LOGK5          0.000         0.000         0.000         0.000         1.000
 LOGK6          0.000         0.000         0.000         1.000         0.000
 SMP5           0.000         0.000         0.000         0.000         0.000
 SMP6           0.000         0.000         0.000         0.000         0.000
 SMP7           0.000         0.000         0.000         0.000         0.000
 SDQ5           1.000         0.000         0.000         0.000         0.000
 SDQ6           0.000         1.000         0.000         0.000         0.000
 SDQ7           0.000         0.000         1.000         0.000         0.000


           LAMBDA
              MOD_DD6       MOD_DD5
              ________      ________
 LOGK5          0.000         0.000
 LOGK6          0.000         0.000
 SMP5           0.000         0.000
 SMP6           0.000         0.000
 SMP7           0.000         0.000
 SDQ5           0.000         0.000
 SDQ6           0.000         0.000
 SDQ7           0.000         0.000


           THETA
              LOGK5         LOGK6         SMP5          SMP6          SMP7
              ________      ________      ________      ________      ________
 LOGK5          0.000
 LOGK6          0.000         0.000
 SMP5           0.000         0.000         0.200
 SMP6           0.000         0.000         0.000         0.200
 SMP7           0.000         0.000         0.000         0.000         0.200
 SDQ5           0.000         0.000         0.000         0.000         0.000
 SDQ6           0.000         0.000         0.000         0.000         0.000
 SDQ7           0.000         0.000         0.000         0.000         0.000


           THETA
              SDQ5          SDQ6          SDQ7
              ________      ________      ________
 SDQ5           0.200
 SDQ6           0.000         0.200
 SDQ7           0.000         0.000         0.200


           ALPHA
              RISM          RIMH          WSM_5         WSM_6         WSM_7
              ________      ________      ________      ________      ________
                0.000         0.000         0.000         0.000         0.000


           ALPHA
              WMH_5         WMH_6         WMH_7         FLK6          FLK5
              ________      ________      ________      ________      ________
                0.000         0.000         0.000         0.000         0.000


           ALPHA
              MOD_DD6       MOD_DD5
              ________      ________
                0.000         0.000


           BETA
              RISM          RIMH          WSM_5         WSM_6         WSM_7
              ________      ________      ________      ________      ________
 RISM           0.000         0.000         0.000         0.000         0.000
 RIMH           0.000         0.000         0.000         0.000         0.000
 WSM_5          0.000         0.000         0.000         0.000         0.000
 WSM_6          0.000         0.000         0.000         0.000         0.000
 WSM_7          0.000         0.000         0.000         0.000         0.000
 WMH_5          0.000         0.000         0.000         0.000         0.000
 WMH_6          0.000         0.000         0.000         0.000         0.000
 WMH_7          0.000         0.000         0.000         0.000         0.000
 FLK6           0.000         0.000         0.000         0.000         0.000
 FLK5           0.000         0.000         0.000         0.000         0.000
 MOD_DD6        0.000         0.000         0.000         0.000         0.000
 MOD_DD5        0.000         0.000         0.000         0.000         0.000


           BETA
              WMH_5         WMH_6         WMH_7         FLK6          FLK5
              ________      ________      ________      ________      ________
 RISM           0.000         0.000         0.000         0.000         0.000
 RIMH           0.000         0.000         0.000         0.000         0.000
 WSM_5          0.000         0.000         0.000         0.000         0.000
 WSM_6          0.000         0.000         0.000         0.000         0.000
 WSM_7          0.000         0.000         0.000         0.000         0.000
 WMH_5          0.000         0.000         0.000         0.000         0.000
 WMH_6          0.000         0.000         0.000         0.000         0.000
 WMH_7          0.000         0.000         0.000         0.000         0.000
 FLK6           0.000         0.000         0.000         0.000         0.000
 FLK5           0.000         0.000         0.000         0.000         0.000
 MOD_DD6        0.000         0.000         0.000         0.000         0.000
 MOD_DD5        0.000         0.000         0.000         0.000         0.000


           BETA
              MOD_DD6       MOD_DD5
              ________      ________
 RISM           0.000         0.000
 RIMH           0.000         0.000
 WSM_5          0.000         0.000
 WSM_6          0.000         0.000
 WSM_7          0.000         0.000
 WMH_5          0.000         0.000
 WMH_6          0.000         0.000
 WMH_7          0.000         0.000
 FLK6           0.000         0.000
 FLK5           0.000         0.000
 MOD_DD6        0.000         0.000
 MOD_DD5        0.000         0.000


           PSI
              RISM          RIMH          WSM_5         WSM_6         WSM_7
              ________      ________      ________      ________      ________
 RISM           1.000
 RIMH           0.000         1.000
 WSM_5          0.000         0.000         1.000
 WSM_6          0.000         0.000         0.000         1.000
 WSM_7          0.000         0.000         0.000         0.000         1.000
 WMH_5          0.000         0.000         0.000         0.000         0.000
 WMH_6          0.000         0.000         0.000         0.000         0.000
 WMH_7          0.000         0.000         0.000         0.000         0.000
 FLK6           0.000         0.000         0.000         0.000         0.000
 FLK5           0.000         0.000         0.000         0.000         0.000
 MOD_DD6        0.000         0.000         0.000         0.000         0.000
 MOD_DD5        0.000         0.000         0.000         0.000         0.000


           PSI
              WMH_5         WMH_6         WMH_7         FLK6          FLK5
              ________      ________      ________      ________      ________
 WMH_5          1.000
 WMH_6          0.000         1.000
 WMH_7          0.000         0.000         1.000
 FLK6           0.000         0.000         0.000         1.000
 FLK5           0.000         0.000         0.000         0.000         1.000
 MOD_DD6        0.000         0.000         0.000         0.000         0.000
 MOD_DD5        0.000         0.000         0.000         0.000         0.000


           PSI
              MOD_DD6       MOD_DD5
              ________      ________
 MOD_DD6        0.000
 MOD_DD5        0.000         0.000



     PRIORS FOR ALL PARAMETERS            PRIOR MEAN      PRIOR VARIANCE     PRIOR STD. DEV.

     Parameter 1~N(0.000,infinity)           0.0000            infinity            infinity
     Parameter 2~N(0.000,infinity)           0.0000            infinity            infinity
     Parameter 3~N(0.000,infinity)           0.0000            infinity            infinity
     Parameter 4~N(0.000,infinity)           0.0000            infinity            infinity
     Parameter 5~N(0.000,infinity)           0.0000            infinity            infinity
     Parameter 6~N(0.000,infinity)           0.0000            infinity            infinity
     Parameter 7~N(0.000,infinity)           0.0000            infinity            infinity
     Parameter 8~N(0.000,infinity)           0.0000            infinity            infinity
     Parameter 9~N(0.000,infinity)           0.0000            infinity            infinity
     Parameter 10~N(0.000,infinity)          0.0000            infinity            infinity
     Parameter 11~N(0.000,infinity)          0.0000            infinity            infinity
     Parameter 12~N(0.000,infinity)          0.0000            infinity            infinity
     Parameter 13~N(0.000,infinity)          0.0000            infinity            infinity
     Parameter 14~N(0.000,infinity)          0.0000            infinity            infinity
     Parameter 15~N(0.000,infinity)          0.0000            infinity            infinity
     Parameter 16~N(0.000,infinity)          0.0000            infinity            infinity
     Parameter 17~N(0.000,infinity)          0.0000            infinity            infinity
     Parameter 18~IW(0.000,-3)             infinity            infinity            infinity
     Parameter 19~IW(0.000,-3)             infinity            infinity            infinity
     Parameter 20~IW(0.000,-3)             infinity            infinity            infinity
     Parameter 21~IW(0.000,-3)             infinity            infinity            infinity
     Parameter 22~IW(0.000,-3)             infinity            infinity            infinity
     Parameter 23~IW(0.000,-3)             infinity            infinity            infinity
     Parameter 24~IW(0.000,-3)             infinity            infinity            infinity
     Parameter 25~IW(0.000,-3)             infinity            infinity            infinity
     Parameter 26~IW(0.000,-3)             infinity            infinity            infinity
     Parameter 27~IW(0.000,-3)             infinity            infinity            infinity
     Parameter 28~IW(0.000,-3)             infinity            infinity            infinity
     Parameter 29~IW(0.000,-3)             infinity            infinity            infinity
     Parameter 30~IG(-1.000,0.000)         infinity            infinity            infinity
     Parameter 31~IG(-1.000,0.000)         infinity            infinity            infinity


TECHNICAL 8 OUTPUT


   TECHNICAL 8 OUTPUT FOR BAYES ESTIMATION

     CHAIN    BSEED
     1        0
     2        285380

                     POTENTIAL       PARAMETER WITH
     ITERATION    SCALE REDUCTION      HIGHEST PSR
     100              2.700               14
     200              1.892               1
     300              1.561               1
     400              1.531               1
     500              2.232               1
     600              2.584               1
     700              1.791               1
     800              1.454               1
     900              1.217               31
     1000             1.184               15
     1100             1.197               15
     1200             1.273               11
     1300             1.312               1
     1400             1.319               1
     1500             1.243               18
     1600             1.191               18
     1700             1.216               18
     1800             1.232               18
     1900             1.121               16
     2000             1.138               16
     2100             1.139               16
     2200             1.103               1
     2300             1.136               1
     2400             1.165               1
     2500             1.134               1
     2600             1.144               1
     2700             1.155               2
     2800             1.228               2
     2900             1.312               2
     3000             1.383               2
     3100             1.440               2
     3200             1.462               2
     3300             1.411               2
     3400             1.361               2
     3500             1.325               2
     3600             1.224               2
     3700             1.139               2
     3800             1.093               30
     3900             1.112               30
     4000             1.136               30
     4100             1.173               30
     4200             1.204               30
     4300             1.214               30
     4400             1.217               30
     4500             1.226               30
     4600             1.230               30
     4700             1.229               30
     4800             1.235               30
     4900             1.245               30
     5000             1.269               30
     5100             1.294               30
     5200             1.297               30
     5300             1.311               30
     5400             1.352               2
     5500             1.407               2
     5600             1.458               2
     5700             1.514               2
     5800             1.521               2
     5900             1.503               2
     6000             1.457               2
     6100             1.389               2
     6200             1.349               2
     6300             1.327               2
     6400             1.298               2
     6500             1.258               2
     6600             1.212               2
     6700             1.178               2
     6800             1.158               2
     6900             1.145               2
     7000             1.137               2
     7100             1.120               2
     7200             1.098               2
     7300             1.086               1
     7400             1.093               1
     7500             1.110               1
     7600             1.133               1
     7700             1.154               1
     7800             1.168               1
     7900             1.198               1
     8000             1.224               1
     8100             1.252               1
     8200             1.288               1
     8300             1.304               1
     8400             1.317               1
     8500             1.348               1
     8600             1.389               1
     8700             1.446               1
     8800             1.479               1
     8900             1.495               1
     9000             1.512               1
     9100             1.528               1
     9200             1.516               1
     9300             1.480               1
     9400             1.423               1
     9500             1.374               1
     9600             1.350               1
     9700             1.330               1
     9800             1.325               2
     9900             1.345               2
     10000            1.363               2
     10100            1.373               2
     10200            1.384               2
     10300            1.389               2
     10400            1.405               2
     10500            1.427               2
     10600            1.449               2
     10700            1.468               2
     10800            1.496               30
     10900            1.534               30
     11000            1.566               30
     11100            1.597               30
     11200            1.627               30
     11300            1.656               30
     11400            1.671               30
     11500            1.679               30
     11600            1.686               30
     11700            1.690               30
     11800            1.677               30
     11900            1.665               30
     12000            1.659               30
     12100            1.657               30
     12200            1.649               30
     12300            1.646               30
     12400            1.652               30
     12500            1.652               30
     12600            1.646               30
     12700            1.646               30
     12800            1.642               30
     12900            1.644               30
     13000            1.648               30
     13100            1.650               30
     13200            1.652               30
     13300            1.653               30
     13400            1.654               30
     13500            1.656               30
     13600            1.661               30
     13700            1.666               30
     13800            1.670               30
     13900            1.672               30
     14000            1.674               30
     14100            1.672               30
     14200            1.664               30
     14300            1.655               30
     14400            1.649               30
     14500            1.643               30
     14600            1.641               30
     14700            1.637               30
     14800            1.625               30
     14900            1.617               30
     15000            1.615               30
     15100            1.612               30
     15200            1.601               30
     15300            1.592               30
     15400            1.579               30
     15500            1.559               30
     15600            1.535               30
     15700            1.513               30
     15800            1.490               30
     15900            1.461               30
     16000            1.429               30
     16100            1.400               30
     16200            1.374               30
     16300            1.352               30
     16400            1.334               30
     16500            1.315               30
     16600            1.294               30
     16700            1.274               30
     16800            1.259               30
     16900            1.240               30
     17000            1.227               30
     17100            1.215               30
     17200            1.204               30
     17300            1.192               30
     17400            1.180               30
     17500            1.169               30
     17600            1.160               30
     17700            1.154               30
     17800            1.148               30
     17900            1.141               30
     18000            1.134               30
     18100            1.129               30
     18200            1.126               30
     18300            1.122               30
     18400            1.119               30
     18500            1.117               30
     18600            1.116               30
     18700            1.116               15
     18800            1.114               30
     18900            1.115               30
     19000            1.115               30
     19100            1.115               30
     19200            1.113               30
     19300            1.111               30
     19400            1.109               30
     19500            1.109               30
     19600            1.108               30
     19700            1.107               30
     19800            1.105               30
     19900            1.105               15
     20000            1.101               15
     20100            1.101               15
     20200            1.099               15
     20300            1.097               30
     20400            1.097               30
     20500            1.097               30
     20600            1.097               30
     20700            1.095               30
     20800            1.095               2
     20900            1.096               2
     21000            1.099               2
     21100            1.102               2
     21200            1.107               2
     21300            1.114               2
     21400            1.119               2
     21500            1.123               2
     21600            1.127               2
     21700            1.130               2
     21800            1.128               2
     21900            1.126               2
     22000            1.126               2
     22100            1.126               2
     22200            1.126               2
     22300            1.125               2
     22400            1.124               2
     22500            1.122               2
     22600            1.119               2
     22700            1.117               2
     22800            1.115               2
     22900            1.112               2
     23000            1.110               2
     23100            1.109               2
     23200            1.109               2
     23300            1.109               2
     23400            1.110               2
     23500            1.111               2
     23600            1.112               2
     23700            1.112               2
     23800            1.112               2
     23900            1.111               2
     24000            1.107               2
     24100            1.107               30
     24200            1.108               30
     24300            1.109               30
     24400            1.111               30
     24500            1.110               30
     24600            1.107               30
     24700            1.103               30
     24800            1.099               30
     24900            1.093               30
     25000            1.089               30
     25100            1.085               30
     25200            1.081               30
     25300            1.078               30
     25400            1.074               30
     25500            1.072               30
     25600            1.069               30
     25700            1.067               30
     25800            1.064               2
     25900            1.063               2
     26000            1.062               2
     26100            1.062               2
     26200            1.062               2
     26300            1.061               2
     26400            1.060               2
     26500            1.058               2
     26600            1.054               2
     26700            1.049               2
     26800            1.046               2
     26900            1.042               2
     27000            1.040               2
     27100            1.038               2
     27200            1.036               2
     27300            1.033               2
     27400            1.031               2
     27500            1.029               2
     27600            1.027               2
     27700            1.024               2
     27800            1.022               2
     27900            1.021               2
     28000            1.020               2
     28100            1.019               2
     28200            1.017               2
     28300            1.017               2
     28400            1.015               2
     28500            1.014               2
     28600            1.015               1
     28700            1.018               1
     28800            1.021               1
     28900            1.025               1
     29000            1.030               1
     29100            1.033               1
     29200            1.035               1
     29300            1.037               1
     29400            1.039               1
     29500            1.040               1
     29600            1.040               1
     29700            1.040               1
     29800            1.040               1
     29900            1.040               1
     30000            1.038               1


DIAGRAM INFORMATION

  Use View Diagram under the Diagram menu in the Mplus Editor to view the diagram.
  If running Mplus from the Mplus Diagrammer, the diagram opens automatically.

  Diagram output
    c:\users\lg05\onedrive - university of cambridge\repositories\win\2025_cognitive_phenotype\data\mplus\lcid_logk_sdq.

     Beginning Time:  10:04:32
        Ending Time:  11:47:30
       Elapsed Time:  01:42:58



MUTHEN & MUTHEN
3463 Stoner Ave.
Los Angeles, CA  90066

Tel: (310) 391-9971
Fax: (310) 391-8971
Web: www.StatModel.com
Support: Support@StatModel.com

Copyright (c) 1998-2023 Muthen & Muthen
