Mplus VERSION 8.9
MUTHEN & MUTHEN
04/23/2025  11:49 AM

INPUT INSTRUCTIONS

    TITLE: RI-CLPM for LCID Social Media and BIS Data

    DATA:
        FILE = "C:\Users\lg05\OneDrive - University of Cambridge\repositories\
        win\2025_cognitive_phenotype\data\mplus\lcid_baseline_bis.dat";

    VARIABLE:
        !variables included in the dataset
        NAMES ARE smt5 smt6 smt7         !social media use total
                  smp5 smp6 smp7         !social media use posting and scrolling
                  smm5 smm6 smm7         !social media use messaging
                  smv5 smv6 smv7         !social media use video watching
                  eat5 eat6 eat7         !eatq-ec total
                  bis5 bis6 bis7         !bis/bas behavioural inhibition
                  bas5 bas6 bas7         !bis/bas behavioural activation
                  bbt5 bbt6 bbt7         !bis/bas total
                  hsc5 hsc6 hsc7         !highly sensitive child scale total
                  sdq5 sdq6 sdq7         !strengths and difficulties total

                  csm5 csm6              !compulsive social media use [aux]
                  sex ses edu1           !demographics [aux]
                  bsi6 bsi7              !brief symptom inventory total [aux]
                  bsid6 bsid7            !brief symptom inventory depression [aux]
                  bsia6 bsia7            !brief symptom inventory anxiety [aux]
                  pdsi2 pds5 pds6 pds7;  !pubertal development score [aux]

        !variables used in analyses
        USEVARIABLES ARE smp5 smp6 smp7
                         bis5 bis6 bis7;

        !missingness marker in dataset
        MISSING ARE ALL (-999);

        AUXILIARY ARE csm5 csm6 sex ses edu1
                      bsi6 bsi7 bsid6 bsid7 bsia6 bsia7
                      pdsi2 pds5 pds6 pds7;

    ANALYSIS:
        Estimator = BAYES;
        Type = random;          !required when including interaction effects
        model = nocovariances;  !covariances should not be estimated per default
        processors = 2;         !multiple processors used to increase computing speed
        chains = 2;             !number of MCMC chains
        thin = 10;              !save every 10th iteration

        fbiter = 10000;          !PSR < 1.1 at 1,200 (10,000 minimum)

    MODEL:
        !Create between components (random intercepts)
        RIsm BY smp5@1 smp6@1 smp7@1;
        RImh BY bis5@1 bis6@1 bis7@1;

        !Create within-person centred variables
        wsm_5 BY smp5@1;
        wsm_6 BY smp6@1;
        wsm_7 BY smp7@1;

        wmh_5 BY bis5@1;
        wmh_6 BY bis6@1;
        wmh_7 BY bis7@1;

        !Constrain measurement error variances to zero
        !or close to zero to allow for reasonable imputation times
        smp5-bis7@0.2;

        !Estimate the lagged effects between the within-person centred variables
        wsm_7 ON wsm_6 wmh_6;
        wsm_6 ON wsm_5 wmh_5;

        wmh_7 ON wsm_6 wmh_6;
        wmh_6 ON wsm_5 wmh_5;

        !Estimate covariance between random intercepts
        RIsm WITH RImh;

        !Estimate the covariance between the within-person
        !components at the first wave
        wmh_5 WITH wsm_5;

        !Estimate the covariances between the residuals of
        !the within-person components
        wmh_6 WITH wsm_6;
        wmh_7 WITH wsm_7;

    OUTPUT:
        TECH8;    !get PSR values
        STDYX;    !get standardised output



INPUT READING TERMINATED NORMALLY



RI-CLPM for LCID Social Media and BIS Data

SUMMARY OF ANALYSIS

Number of groups                                                 1
Number of observations                                         353

Number of dependent variables                                    6
Number of independent variables                                  0
Number of continuous latent variables                            8

Observed dependent variables

  Continuous
   SMP5        SMP6        SMP7        BIS5        BIS6        BIS7

Observed auxiliary variables
   CSM5        CSM6        SEX         SES         EDU1        BSI6
   BSI7        BSID6       BSID7       BSIA6       BSIA7       PDSI2
   PDS5        PDS6        PDS7

Continuous latent variables
   RISM        RIMH        WSM_5       WSM_6       WSM_7       WMH_5
   WMH_6       WMH_7


Estimator                                                    BAYES
Specifications for Bayesian Estimation
  Point estimate                                            MEDIAN
  Number of Markov chain Monte Carlo (MCMC) chains               2
  Random seed for the first chain                                0
  Starting value information                           UNPERTURBED
  Algorithm used for Markov chain Monte Carlo           GIBBS(PX1)
  Fixed number of iterations                                 10000
  K-th iteration used for thinning                              10

Input data file(s)
  C:\Users\lg05\OneDrive - University of Cambridge\repositories\win\2025_cogniti
Input data format  FREE


SUMMARY OF DATA



COVARIANCE COVERAGE OF DATA

Minimum covariance coverage value   0.100

     Number of missing data patterns            17


     PROPORTION OF DATA PRESENT


           Covariance Coverage
              SMP5          SMP6          SMP7          BIS5          BIS6
              ________      ________      ________      ________      ________
 SMP5           0.858
 SMP6           0.697         0.754
 SMP7           0.422         0.374         0.535
 BIS5           0.762         0.632         0.374         0.768
 BIS6           0.674         0.731         0.360         0.612         0.731
 BIS7           0.422         0.371         0.533         0.374         0.357


           Covariance Coverage
              BIS7
              ________
 BIS7           0.533



UNIVARIATE SAMPLE STATISTICS


     UNIVARIATE HIGHER-ORDER MOMENT DESCRIPTIVE STATISTICS

         Variable/         Mean/     Skewness/   Minimum/ % with                Percentiles
        Sample Size      Variance    Kurtosis    Maximum  Min/Max      20%/60%    40%/80%    Median

     SMP5                  1.373       0.996       0.000   27.72%       0.000      1.000      1.000
             303.000       1.627       0.563       5.000    3.30%       1.000      2.000
     SMP6                  1.492       0.841       0.000   21.43%       0.000      1.000      1.000
             266.000       1.513       0.358       5.000    3.01%       2.000      2.000
     SMP7                  1.937       0.620       0.000   14.81%       1.000      1.000      2.000
             189.000       2.049      -0.371       5.000    8.47%       2.000      3.000
     BIS5                 18.701      -0.015       8.000    0.37%      16.000     18.000     19.000
             271.000      13.885      -0.081      28.000    1.11%      20.000     22.000
     BIS6                 18.349      -0.135       7.000    0.39%      15.000     17.000     18.000
             258.000      14.615      -0.051      27.000    2.33%      19.000     21.000
     BIS7                 19.064      -0.161       7.000    0.53%      15.000     18.000     19.000
             188.000      17.719      -0.203      28.000    1.06%      20.000     23.000


THE MODEL ESTIMATION TERMINATED NORMALLY

     USE THE FBITERATIONS OPTION TO INCREASE THE NUMBER OF ITERATIONS BY A FACTOR
     OF AT LEAST TWO TO CHECK CONVERGENCE AND THAT THE PSR VALUE DOES NOT INCREASE.



MODEL FIT INFORMATION

Number of Free Parameters                              26

Bayesian Posterior Predictive Checking using Chi-Square

          95% Confidence Interval for the Difference Between
          the Observed and the Replicated Chi-Square Values

                                -23.626            20.223

          Posterior Predictive P-Value              0.544

Information Criteria

          Deviance (DIC)                         6350.756
          Estimated Number of Parameters (pD)      25.046
          Bayesian (BIC)                         6452.852

RMSEA (Root Mean Square Error Of Approximation)

          Estimate                           0.000
          90 Percent C.I.                    0.000  0.053
          Probability RMSEA <= .05           0.949

CFI/TLI

          CFI                                1.000
          90 Percent C.I.                    0.990  1.000

          TLI                                1.000
          90 Percent C.I.                    0.924  1.000



MODEL RESULTS

                                Posterior  One-Tailed         95% C.I.
                    Estimate       S.D.      P-Value   Lower 2.5%  Upper 2.5%  Significance

 RISM     BY
    SMP5               1.000       0.000      0.000       1.000       1.000
    SMP6               1.000       0.000      0.000       1.000       1.000
    SMP7               1.000       0.000      0.000       1.000       1.000

 RIMH     BY
    BIS5               1.000       0.000      0.000       1.000       1.000
    BIS6               1.000       0.000      0.000       1.000       1.000
    BIS7               1.000       0.000      0.000       1.000       1.000

 WSM_5    BY
    SMP5               1.000       0.000      0.000       1.000       1.000

 WSM_6    BY
    SMP6               1.000       0.000      0.000       1.000       1.000

 WSM_7    BY
    SMP7               1.000       0.000      0.000       1.000       1.000

 WMH_5    BY
    BIS5               1.000       0.000      0.000       1.000       1.000

 WMH_6    BY
    BIS6               1.000       0.000      0.000       1.000       1.000

 WMH_7    BY
    BIS7               1.000       0.000      0.000       1.000       1.000

 WSM_7      ON
    WSM_6             -0.123       0.261      0.309      -0.726       0.292
    WMH_6             -0.086       0.072      0.098      -0.238       0.045

 WSM_6      ON
    WSM_5              0.341       0.119      0.004       0.092       0.551      *
    WMH_5             -0.032       0.050      0.268      -0.122       0.077

 WMH_7      ON
    WSM_6             -0.592       0.642      0.152      -1.989       0.537
    WMH_6             -0.006       0.235      0.489      -0.540       0.390

 WMH_6      ON
    WSM_5             -0.500       0.317      0.062      -1.106       0.148
    WMH_5              0.310       0.161      0.032      -0.018       0.603

 RISM     WITH
    RIMH               0.426       0.384      0.139      -0.357       1.144

 WMH_5    WITH
    WSM_5             -0.057       0.422      0.450      -0.863       0.776

 WMH_6    WITH
    WSM_6             -0.205       0.291      0.236      -0.777       0.371

 WMH_7    WITH
    WSM_7             -0.044       0.538      0.469      -1.151       0.965

 Intercepts
    SMP5               1.370       0.074      0.000       1.226       1.518      *
    SMP6               1.505       0.075      0.000       1.357       1.652      *
    SMP7               1.912       0.106      0.000       1.701       2.120      *
    BIS5              18.683       0.223      0.000      18.218      19.095      *
    BIS6              18.290       0.237      0.000      17.830      18.752      *
    BIS7              19.021       0.296      0.000      18.447      19.606      *

 Variances
    RISM               0.405       0.156      0.000       0.120       0.716      *
    RIMH               7.050       1.770      0.000       2.639       9.883      *
    WSM_5              1.083       0.181      0.000       0.762       1.464      *
    WMH_5              7.318       1.725      0.000       4.819      11.734      *

 Residual Variances
    SMP5               0.200       0.000      0.000       0.200       0.200
    SMP6               0.200       0.000      0.000       0.200       0.200
    SMP7               0.200       0.000      0.000       0.200       0.200
    BIS5               0.200       0.000      0.000       0.200       0.200
    BIS6               0.200       0.000      0.000       0.200       0.200
    BIS7               0.200       0.000      0.000       0.200       0.200
    WSM_6              0.782       0.134      0.000       0.522       1.062      *
    WSM_7              1.470       0.285      0.000       0.885       2.024      *
    WMH_6              6.815       1.216      0.000       4.484       9.220      *
    WMH_7             10.505       2.057      0.000       6.468      14.713      *


STANDARDIZED MODEL RESULTS


STDYX Standardization

                                Posterior  One-Tailed         95% C.I.
                    Estimate       S.D.      P-Value   Lower 2.5%  Upper 2.5%  Significance
 RISM     BY
    SMP5               0.491       0.095      0.000       0.270       0.637      *
    SMP6               0.510       0.104      0.000       0.276       0.677      *
    SMP7               0.429       0.085      0.000       0.236       0.563      *

 RIMH     BY
    BIS5               0.698       0.091      0.000       0.430       0.801      *
    BIS6               0.680       0.097      0.000       0.409       0.803      *
    BIS7               0.617       0.083      0.000       0.378       0.720      *

 WSM_5    BY
    SMP5               0.800       0.055      0.000       0.690       0.899      *

 WSM_6    BY
    SMP6               0.782       0.067      0.000       0.635       0.895      *

 WSM_7    BY
    SMP7               0.852       0.042      0.000       0.766       0.925      *

 WMH_5    BY
    BIS5               0.706       0.076      0.000       0.587       0.895      *

 WMH_6    BY
    BIS6               0.724       0.079      0.000       0.585       0.905      *

 WMH_7    BY
    BIS7               0.780       0.056      0.000       0.686       0.919      *

 WSM_7      ON
    WSM_6             -0.095       0.192      0.309      -0.509       0.232
    WMH_6             -0.193       0.158      0.098      -0.515       0.099

 WSM_6      ON
    WSM_5              0.364       0.117      0.004       0.102       0.557      *
    WMH_5             -0.090       0.141      0.268      -0.349       0.205

 WMH_7      ON
    WSM_6             -0.171       0.180      0.152      -0.554       0.154
    WMH_6             -0.005       0.192      0.489      -0.417       0.341

 WMH_6      ON
    WSM_5             -0.182       0.115      0.062      -0.397       0.055
    WMH_5              0.295       0.148      0.032      -0.019       0.560

 RISM     WITH
    RIMH               0.254       0.288      0.139      -0.234       0.910

 WMH_5    WITH
    WSM_5             -0.020       0.146      0.450      -0.284       0.277

 WMH_6    WITH
    WSM_6             -0.090       0.132      0.236      -0.362       0.161

 WMH_7    WITH
    WSM_7             -0.011       0.151      0.469      -0.364       0.230

 Intercepts
    SMP5               1.053       0.072      0.000       0.913       1.198      *
    SMP6               1.204       0.080      0.000       1.048       1.360      *
    SMP7               1.289       0.100      0.000       1.096       1.489      *
    BIS5               4.894       0.220      0.000       4.463       5.322      *
    BIS6               4.681       0.212      0.000       4.276       5.095      *
    BIS7               4.419       0.239      0.000       3.955       4.889      *

 Variances
    RISM               1.000       0.000      0.000       1.000       1.000
    RIMH               1.000       0.000      0.000       1.000       1.000
    WSM_5              1.000       0.000      0.000       1.000       1.000
    WMH_5              1.000       0.000      0.000       1.000       1.000

 Residual Variances
    SMP5               0.118       0.010      0.000       0.100       0.139      *
    SMP6               0.128       0.011      0.000       0.107       0.151      *
    SMP7               0.091       0.010      0.000       0.073       0.111      *
    BIS5               0.014       0.001      0.000       0.012       0.016      *
    BIS6               0.013       0.001      0.000       0.011       0.015      *
    BIS7               0.011       0.001      0.000       0.009       0.013      *
    WSM_6              0.831       0.084      0.000       0.655       0.973      *
    WSM_7              0.932       0.088      0.000       0.677       0.997      *
    WMH_6              0.856       0.096      0.000       0.626       0.987      *
    WMH_7              0.931       0.086      0.000       0.686       0.997      *


R-SQUARE

                                Posterior  One-Tailed         95% C.I.
    Variable        Estimate       S.D.      P-Value   Lower 2.5%  Upper 2.5%

    SMP5               0.882       0.010      0.000       0.861       0.900
    SMP6               0.872       0.011      0.000       0.849       0.893
    SMP7               0.909       0.010      0.000       0.889       0.927
    BIS5               0.986       0.001      0.000       0.984       0.988
    BIS6               0.987       0.001      0.000       0.985       0.989
    BIS7               0.989       0.001      0.000       0.987       0.991

                                Posterior  One-Tailed         95% C.I.
    Variable        Estimate       S.D.      P-Value   Lower 2.5%  Upper 2.5%

    WSM_6              0.169       0.084      0.000       0.027       0.345
    WSM_7              0.068       0.088      0.000       0.003       0.323
    WMH_6              0.144       0.096      0.000       0.013       0.374
    WMH_7              0.069       0.086      0.000       0.003       0.313


TECHNICAL 1 OUTPUT


     PARAMETER SPECIFICATION


           NU
              SMP5          SMP6          SMP7          BIS5          BIS6
              ________      ________      ________      ________      ________
                    1             2             3             4             5


           NU
              BIS7
              ________
                    6


           LAMBDA
              RISM          RIMH          WSM_5         WSM_6         WSM_7
              ________      ________      ________      ________      ________
 SMP5               0             0             0             0             0
 SMP6               0             0             0             0             0
 SMP7               0             0             0             0             0
 BIS5               0             0             0             0             0
 BIS6               0             0             0             0             0
 BIS7               0             0             0             0             0


           LAMBDA
              WMH_5         WMH_6         WMH_7
              ________      ________      ________
 SMP5               0             0             0
 SMP6               0             0             0
 SMP7               0             0             0
 BIS5               0             0             0
 BIS6               0             0             0
 BIS7               0             0             0


           THETA
              SMP5          SMP6          SMP7          BIS5          BIS6
              ________      ________      ________      ________      ________
 SMP5               0
 SMP6               0             0
 SMP7               0             0             0
 BIS5               0             0             0             0
 BIS6               0             0             0             0             0
 BIS7               0             0             0             0             0


           THETA
              BIS7
              ________
 BIS7               0


           ALPHA
              RISM          RIMH          WSM_5         WSM_6         WSM_7
              ________      ________      ________      ________      ________
                    0             0             0             0             0


           ALPHA
              WMH_5         WMH_6         WMH_7
              ________      ________      ________
                    0             0             0


           BETA
              RISM          RIMH          WSM_5         WSM_6         WSM_7
              ________      ________      ________      ________      ________
 RISM               0             0             0             0             0
 RIMH               0             0             0             0             0
 WSM_5              0             0             0             0             0
 WSM_6              0             0             7             0             0
 WSM_7              0             0             0             9             0
 WMH_5              0             0             0             0             0
 WMH_6              0             0            11             0             0
 WMH_7              0             0             0            13             0


           BETA
              WMH_5         WMH_6         WMH_7
              ________      ________      ________
 RISM               0             0             0
 RIMH               0             0             0
 WSM_5              0             0             0
 WSM_6              8             0             0
 WSM_7              0            10             0
 WMH_5              0             0             0
 WMH_6             12             0             0
 WMH_7              0            14             0


           PSI
              RISM          RIMH          WSM_5         WSM_6         WSM_7
              ________      ________      ________      ________      ________
 RISM              15
 RIMH              16            17
 WSM_5              0             0            18
 WSM_6              0             0             0            19
 WSM_7              0             0             0             0            20
 WMH_5              0             0            21             0             0
 WMH_6              0             0             0            23             0
 WMH_7              0             0             0             0            25


           PSI
              WMH_5         WMH_6         WMH_7
              ________      ________      ________
 WMH_5             22
 WMH_6              0            24
 WMH_7              0             0            26


     STARTING VALUES


           NU
              SMP5          SMP6          SMP7          BIS5          BIS6
              ________      ________      ________      ________      ________
                1.373         1.492         1.937        18.701        18.349


           NU
              BIS7
              ________
               19.064


           LAMBDA
              RISM          RIMH          WSM_5         WSM_6         WSM_7
              ________      ________      ________      ________      ________
 SMP5           1.000         0.000         1.000         0.000         0.000
 SMP6           1.000         0.000         0.000         1.000         0.000
 SMP7           1.000         0.000         0.000         0.000         1.000
 BIS5           0.000         1.000         0.000         0.000         0.000
 BIS6           0.000         1.000         0.000         0.000         0.000
 BIS7           0.000         1.000         0.000         0.000         0.000


           LAMBDA
              WMH_5         WMH_6         WMH_7
              ________      ________      ________
 SMP5           0.000         0.000         0.000
 SMP6           0.000         0.000         0.000
 SMP7           0.000         0.000         0.000
 BIS5           1.000         0.000         0.000
 BIS6           0.000         1.000         0.000
 BIS7           0.000         0.000         1.000


           THETA
              SMP5          SMP6          SMP7          BIS5          BIS6
              ________      ________      ________      ________      ________
 SMP5           0.200
 SMP6           0.000         0.200
 SMP7           0.000         0.000         0.200
 BIS5           0.000         0.000         0.000         0.200
 BIS6           0.000         0.000         0.000         0.000         0.200
 BIS7           0.000         0.000         0.000         0.000         0.000


           THETA
              BIS7
              ________
 BIS7           0.200


           ALPHA
              RISM          RIMH          WSM_5         WSM_6         WSM_7
              ________      ________      ________      ________      ________
                0.000         0.000         0.000         0.000         0.000


           ALPHA
              WMH_5         WMH_6         WMH_7
              ________      ________      ________
                0.000         0.000         0.000


           BETA
              RISM          RIMH          WSM_5         WSM_6         WSM_7
              ________      ________      ________      ________      ________
 RISM           0.000         0.000         0.000         0.000         0.000
 RIMH           0.000         0.000         0.000         0.000         0.000
 WSM_5          0.000         0.000         0.000         0.000         0.000
 WSM_6          0.000         0.000         0.000         0.000         0.000
 WSM_7          0.000         0.000         0.000         0.000         0.000
 WMH_5          0.000         0.000         0.000         0.000         0.000
 WMH_6          0.000         0.000         0.000         0.000         0.000
 WMH_7          0.000         0.000         0.000         0.000         0.000


           BETA
              WMH_5         WMH_6         WMH_7
              ________      ________      ________
 RISM           0.000         0.000         0.000
 RIMH           0.000         0.000         0.000
 WSM_5          0.000         0.000         0.000
 WSM_6          0.000         0.000         0.000
 WSM_7          0.000         0.000         0.000
 WMH_5          0.000         0.000         0.000
 WMH_6          0.000         0.000         0.000
 WMH_7          0.000         0.000         0.000


           PSI
              RISM          RIMH          WSM_5         WSM_6         WSM_7
              ________      ________      ________      ________      ________
 RISM           1.000
 RIMH           0.000         1.000
 WSM_5          0.000         0.000         1.000
 WSM_6          0.000         0.000         0.000         1.000
 WSM_7          0.000         0.000         0.000         0.000         1.000
 WMH_5          0.000         0.000         0.000         0.000         0.000
 WMH_6          0.000         0.000         0.000         0.000         0.000
 WMH_7          0.000         0.000         0.000         0.000         0.000


           PSI
              WMH_5         WMH_6         WMH_7
              ________      ________      ________
 WMH_5          1.000
 WMH_6          0.000         1.000
 WMH_7          0.000         0.000         1.000



     PRIORS FOR ALL PARAMETERS            PRIOR MEAN      PRIOR VARIANCE     PRIOR STD. DEV.

     Parameter 1~N(0.000,infinity)           0.0000            infinity            infinity
     Parameter 2~N(0.000,infinity)           0.0000            infinity            infinity
     Parameter 3~N(0.000,infinity)           0.0000            infinity            infinity
     Parameter 4~N(0.000,infinity)           0.0000            infinity            infinity
     Parameter 5~N(0.000,infinity)           0.0000            infinity            infinity
     Parameter 6~N(0.000,infinity)           0.0000            infinity            infinity
     Parameter 7~N(0.000,infinity)           0.0000            infinity            infinity
     Parameter 8~N(0.000,infinity)           0.0000            infinity            infinity
     Parameter 9~N(0.000,infinity)           0.0000            infinity            infinity
     Parameter 10~N(0.000,infinity)          0.0000            infinity            infinity
     Parameter 11~N(0.000,infinity)          0.0000            infinity            infinity
     Parameter 12~N(0.000,infinity)          0.0000            infinity            infinity
     Parameter 13~N(0.000,infinity)          0.0000            infinity            infinity
     Parameter 14~N(0.000,infinity)          0.0000            infinity            infinity
     Parameter 15~IW(0.000,-3)             infinity            infinity            infinity
     Parameter 16~IW(0.000,-3)             infinity            infinity            infinity
     Parameter 17~IW(0.000,-3)             infinity            infinity            infinity
     Parameter 18~IW(0.000,-3)             infinity            infinity            infinity
     Parameter 19~IW(0.000,-3)             infinity            infinity            infinity
     Parameter 20~IW(0.000,-3)             infinity            infinity            infinity
     Parameter 21~IW(0.000,-3)             infinity            infinity            infinity
     Parameter 22~IW(0.000,-3)             infinity            infinity            infinity
     Parameter 23~IW(0.000,-3)             infinity            infinity            infinity
     Parameter 24~IW(0.000,-3)             infinity            infinity            infinity
     Parameter 25~IW(0.000,-3)             infinity            infinity            infinity
     Parameter 26~IW(0.000,-3)             infinity            infinity            infinity


TECHNICAL 8 OUTPUT


   TECHNICAL 8 OUTPUT FOR BAYES ESTIMATION

     CHAIN    BSEED
     1        0
     2        285380

                     POTENTIAL       PARAMETER WITH
     ITERATION    SCALE REDUCTION      HIGHEST PSR
     100              2.511               15
     200              1.708               21
     300              1.548               17
     400              1.429               14
     500              1.251               14
     600              1.276               15
     700              1.342               15
     800              1.354               15
     900              1.264               15
     1000             1.257               15
     1100             1.112               15
     1200             1.049               17
     1300             1.039               22
     1400             1.027               22
     1500             1.049               11
     1600             1.028               11
     1700             1.031               22
     1800             1.033               22
     1900             1.032               4
     2000             1.033               24
     2100             1.030               24
     2200             1.021               24
     2300             1.030               6
     2400             1.035               6
     2500             1.026               6
     2600             1.020               6
     2700             1.040               6
     2800             1.037               6
     2900             1.027               6
     3000             1.043               9
     3100             1.045               9
     3200             1.040               9
     3300             1.042               15
     3400             1.051               15
     3500             1.049               15
     3600             1.045               15
     3700             1.048               15
     3800             1.054               15
     3900             1.044               15
     4000             1.048               15
     4100             1.053               15
     4200             1.050               15
     4300             1.053               15
     4400             1.050               15
     4500             1.051               15
     4600             1.049               15
     4700             1.042               15
     4800             1.039               15
     4900             1.035               15
     5000             1.036               15
     5100             1.035               15
     5200             1.034               15
     5300             1.035               15
     5400             1.031               15
     5500             1.020               15
     5600             1.015               15
     5700             1.013               15
     5800             1.016               14
     5900             1.018               14
     6000             1.018               14
     6100             1.014               14
     6200             1.015               6
     6300             1.021               6
     6400             1.023               6
     6500             1.020               6
     6600             1.019               6
     6700             1.018               6
     6800             1.018               6
     6900             1.015               6
     7000             1.016               6
     7100             1.014               6
     7200             1.014               6
     7300             1.014               6
     7400             1.013               6
     7500             1.017               6
     7600             1.014               6
     7700             1.016               6
     7800             1.015               6
     7900             1.015               6
     8000             1.017               6
     8100             1.014               6
     8200             1.015               6
     8300             1.013               6
     8400             1.012               6
     8500             1.012               6
     8600             1.012               6
     8700             1.014               6
     8800             1.010               6
     8900             1.006               6
     9000             1.005               6
     9100             1.004               6
     9200             1.006               26
     9300             1.005               26
     9400             1.004               26
     9500             1.005               5
     9600             1.004               5
     9700             1.004               25
     9800             1.005               16
     9900             1.006               16
     10000            1.007               4


DIAGRAM INFORMATION

  Use View Diagram under the Diagram menu in the Mplus Editor to view the diagram.
  If running Mplus from the Mplus Diagrammer, the diagram opens automatically.

  Diagram output
    c:\users\lg05\onedrive - university of cambridge\repositories\win\2025_cognitive_phenotype\code\mplus\baseline\dd_an

     Beginning Time:  11:49:55
        Ending Time:  11:50:21
       Elapsed Time:  00:00:26



MUTHEN & MUTHEN
3463 Stoner Ave.
Los Angeles, CA  90066

Tel: (310) 391-9971
Fax: (310) 391-8971
Web: www.StatModel.com
Support: Support@StatModel.com

Copyright (c) 1998-2023 Muthen & Muthen
