Mplus VERSION 8.9
MUTHEN & MUTHEN
04/23/2025  11:56 AM

INPUT INSTRUCTIONS

    TITLE: RI-CLPM for LCID Social Media and BAS Data

    DATA:
        FILE = "C:\Users\lg05\OneDrive - University of Cambridge\repositories\
        win\2025_cognitive_phenotype\data\mplus\lcid_baseline_bas.dat";

    VARIABLE:
        !variables included in the dataset
        NAMES ARE smt5 smt6 smt7         !social media use total
                  smp5 smp6 smp7         !social media use posting and scrolling
                  smm5 smm6 smm7         !social media use messaging
                  smv5 smv6 smv7         !social media use video watching
                  eat5 eat6 eat7         !eatq-ec total
                  bis5 bis6 bis7         !bis/bas behavioural inhibition
                  bas5 bas6 bas7         !bis/bas behavioural activation
                  bbt5 bbt6 bbt7         !bis/bas total
                  hsc5 hsc6 hsc7         !highly sensitive child scale total
                  sdq5 sdq6 sdq7         !strengths and difficulties total

                  csm5 csm6              !compulsive social media use [aux]
                  sex ses edu1           !demographics [aux]
                  bsi6 bsi7              !brief symptom inventory total [aux]
                  bsid6 bsid7            !brief symptom inventory depression [aux]
                  bsia6 bsia7            !brief symptom inventory anxiety [aux]
                  pdsi2 pds5 pds6 pds7;  !pubertal development score [aux]

        !variables used in analyses
        USEVARIABLES ARE smp5 smp6 smp7
                         bas5 bas6 bas7;

        !missingness marker in dataset
        MISSING ARE ALL (-999);

        AUXILIARY ARE csm5 csm6 sex ses edu1
                      bsi6 bsi7 bsid6 bsid7 bsia6 bsia7
                      pdsi2 pds5 pds6 pds7;

    ANALYSIS:
        Estimator = BAYES;
        Type = random;          !required when including interaction effects
        model = nocovariances;  !covariances should not be estimated per default
        processors = 2;         !multiple processors used to increase computing speed
        chains = 2;             !number of MCMC chains
        thin = 10;              !save every 10th iteration

        fbiter = 10000;          !PSR < 1.1 at 1,400 (10,000 minimum)

    MODEL:
        !Create between components (random intercepts)
        RIsm BY smp5@1 smp6@1 smp7@1;
        RImh BY bas5@1 bas6@1 bas7@1;

        !Create within-person centred variables
        wsm_5 BY smp5@1;
        wsm_6 BY smp6@1;
        wsm_7 BY smp7@1;

        wmh_5 BY bas5@1;
        wmh_6 BY bas6@1;
        wmh_7 BY bas7@1;

        !Constrain measurement error variances to zero
        !or close to zero to allow for reasonable imputation times
        smp5-bas7@0.2;

        !Estimate the lagged effects between the within-person centred variables
        wsm_7 ON wsm_6 wmh_6;
        wsm_6 ON wsm_5 wmh_5;

        wmh_7 ON wsm_6 wmh_6;
        wmh_6 ON wsm_5 wmh_5;

        !Estimate covariance between random intercepts
        RIsm WITH RImh;

        !Estimate the covariance between the within-person
        !components at the first wave
        wmh_5 WITH wsm_5;

        !Estimate the covariances between the residuals of
        !the within-person components
        wmh_6 WITH wsm_6;
        wmh_7 WITH wsm_7;

    OUTPUT:
        TECH8;    !get PSR values
        STDYX;    !get standardised output



INPUT READING TERMINATED NORMALLY



RI-CLPM for LCID Social Media and BAS Data

SUMMARY OF ANALYSIS

Number of groups                                                 1
Number of observations                                         353

Number of dependent variables                                    6
Number of independent variables                                  0
Number of continuous latent variables                            8

Observed dependent variables

  Continuous
   SMP5        SMP6        SMP7        BAS5        BAS6        BAS7

Observed auxiliary variables
   CSM5        CSM6        SEX         SES         EDU1        BSI6
   BSI7        BSID6       BSID7       BSIA6       BSIA7       PDSI2
   PDS5        PDS6        PDS7

Continuous latent variables
   RISM        RIMH        WSM_5       WSM_6       WSM_7       WMH_5
   WMH_6       WMH_7


Estimator                                                    BAYES
Specifications for Bayesian Estimation
  Point estimate                                            MEDIAN
  Number of Markov chain Monte Carlo (MCMC) chains               2
  Random seed for the first chain                                0
  Starting value information                           UNPERTURBED
  Algorithm used for Markov chain Monte Carlo           GIBBS(PX1)
  Fixed number of iterations                                 10000
  K-th iteration used for thinning                              10

Input data file(s)
  C:\Users\lg05\OneDrive - University of Cambridge\repositories\win\2025_cogniti
Input data format  FREE


SUMMARY OF DATA



COVARIANCE COVERAGE OF DATA

Minimum covariance coverage value   0.100

     Number of missing data patterns            17


     PROPORTION OF DATA PRESENT


           Covariance Coverage
              SMP5          SMP6          SMP7          BAS5          BAS6
              ________      ________      ________      ________      ________
 SMP5           0.858
 SMP6           0.697         0.754
 SMP7           0.422         0.374         0.535
 BAS5           0.762         0.632         0.374         0.768
 BAS6           0.674         0.731         0.360         0.612         0.731
 BAS7           0.422         0.371         0.533         0.374         0.357


           Covariance Coverage
              BAS7
              ________
 BAS7           0.533



UNIVARIATE SAMPLE STATISTICS


     UNIVARIATE HIGHER-ORDER MOMENT DESCRIPTIVE STATISTICS

         Variable/         Mean/     Skewness/   Minimum/ % with                Percentiles
        Sample Size      Variance    Kurtosis    Maximum  Min/Max      20%/60%    40%/80%    Median

     SMP5                  1.373       0.996       0.000   27.72%       0.000      1.000      1.000
             303.000       1.627       0.563       5.000    3.30%       1.000      2.000
     SMP6                  1.492       0.841       0.000   21.43%       0.000      1.000      1.000
             266.000       1.513       0.358       5.000    3.01%       2.000      2.000
     SMP7                  1.937       0.620       0.000   14.81%       1.000      1.000      2.000
             189.000       2.049      -0.371       5.000    8.47%       2.000      3.000
     BAS5                 38.535      -0.169      25.000    0.37%      34.000     38.000     39.000
             271.000      23.511      -0.265      52.000    0.37%      40.000     42.000
     BAS6                 37.453      -0.354      21.000    0.39%      34.000     36.000     38.000
             258.000      21.457       0.407      51.000    0.39%      39.000     41.000
     BAS7                 38.452      -0.451      20.000    0.53%      35.000     38.000     39.000
             188.000      23.695       0.510      50.000    0.53%      40.000     43.000


THE MODEL ESTIMATION TERMINATED NORMALLY

     USE THE FBITERATIONS OPTION TO INCREASE THE NUMBER OF ITERATIONS BY A FACTOR
     OF AT LEAST TWO TO CHECK CONVERGENCE AND THAT THE PSR VALUE DOES NOT INCREASE.



MODEL FIT INFORMATION

Number of Free Parameters                              26

Bayesian Posterior Predictive Checking using Chi-Square

          95% Confidence Interval for the Difference Between
          the Observed and the Replicated Chi-Square Values

                                -21.893            21.941

          Posterior Predictive P-Value              0.469

Information Criteria

          Deviance (DIC)                         6703.212
          Estimated Number of Parameters (pD)      24.858
          Bayesian (BIC)                         6805.807

RMSEA (Root Mean Square Error Of Approximation)

          Estimate                           0.000
          90 Percent C.I.                    0.000  0.064
          Probability RMSEA <= .05           0.931

CFI/TLI

          CFI                                1.000
          90 Percent C.I.                    0.978  1.000

          TLI                                1.000
          90 Percent C.I.                    0.843  1.000



MODEL RESULTS

                                Posterior  One-Tailed         95% C.I.
                    Estimate       S.D.      P-Value   Lower 2.5%  Upper 2.5%  Significance

 RISM     BY
    SMP5               1.000       0.000      0.000       1.000       1.000
    SMP6               1.000       0.000      0.000       1.000       1.000
    SMP7               1.000       0.000      0.000       1.000       1.000

 RIMH     BY
    BAS5               1.000       0.000      0.000       1.000       1.000
    BAS6               1.000       0.000      0.000       1.000       1.000
    BAS7               1.000       0.000      0.000       1.000       1.000

 WSM_5    BY
    SMP5               1.000       0.000      0.000       1.000       1.000

 WSM_6    BY
    SMP6               1.000       0.000      0.000       1.000       1.000

 WSM_7    BY
    SMP7               1.000       0.000      0.000       1.000       1.000

 WMH_5    BY
    BAS5               1.000       0.000      0.000       1.000       1.000

 WMH_6    BY
    BAS6               1.000       0.000      0.000       1.000       1.000

 WMH_7    BY
    BAS7               1.000       0.000      0.000       1.000       1.000

 WSM_7      ON
    WSM_6             -0.126       0.265      0.303      -0.730       0.294
    WMH_6             -0.014       0.050      0.380      -0.115       0.084

 WSM_6      ON
    WSM_5              0.325       0.126      0.009       0.060       0.547      *
    WMH_5             -0.010       0.027      0.344      -0.061       0.044

 WMH_7      ON
    WSM_6              0.028       0.766      0.485      -1.477       1.566
    WMH_6              0.041       0.200      0.421      -0.417       0.354

 WMH_6      ON
    WSM_5             -0.292       0.456      0.256      -1.181       0.624
    WMH_5              0.303       0.119      0.007       0.060       0.516      *

 RISM     WITH
    RIMH               0.387       0.470      0.208      -0.608       1.229

 WMH_5    WITH
    WSM_5              0.538       0.546      0.151      -0.447       1.686

 WMH_6    WITH
    WSM_6              0.222       0.381      0.286      -0.513       0.965

 WMH_7    WITH
    WSM_7              0.935       0.675      0.084      -0.406       2.264

 Intercepts
    SMP5               1.372       0.074      0.000       1.228       1.518      *
    SMP6               1.504       0.075      0.000       1.354       1.649      *
    SMP7               1.914       0.106      0.000       1.700       2.119      *
    BAS5              38.571       0.297      0.000      37.951      39.112      *
    BAS6              37.591       0.292      0.000      37.022      38.167      *
    BAS7              38.400       0.353      0.000      37.735      39.105      *

 Variances
    RISM               0.448       0.159      0.000       0.131       0.747      *
    RIMH               6.597       2.573      0.000       1.230      11.079      *
    WSM_5              1.046       0.183      0.000       0.735       1.454      *
    WMH_5             17.662       2.819      0.000      13.072      23.980      *

 Residual Variances
    SMP5               0.200       0.000      0.000       0.200       0.200
    SMP6               0.200       0.000      0.000       0.200       0.200
    SMP7               0.200       0.000      0.000       0.200       0.200
    BAS5               0.200       0.000      0.000       0.200       0.200
    BAS6               0.200       0.000      0.000       0.200       0.200
    BAS7               0.200       0.000      0.000       0.200       0.200
    WSM_6              0.775       0.137      0.000       0.511       1.054      *
    WSM_7              1.475       0.288      0.000       0.885       2.038      *
    WMH_6             13.449       2.056      0.000       9.524      17.569      *
    WMH_7             17.615       3.178      0.000      11.391      24.045      *


STANDARDIZED MODEL RESULTS


STDYX Standardization

                                Posterior  One-Tailed         95% C.I.
                    Estimate       S.D.      P-Value   Lower 2.5%  Upper 2.5%  Significance
 RISM     BY
    SMP5               0.516       0.095      0.000       0.282       0.649      *
    SMP6               0.535       0.103      0.000       0.290       0.696      *
    SMP7               0.451       0.084      0.000       0.245       0.577      *

 RIMH     BY
    BAS5               0.521       0.110      0.000       0.225       0.657      *
    BAS6               0.544       0.120      0.000       0.232       0.710      *
    BAS7               0.511       0.110      0.000       0.220       0.658      *

 WSM_5    BY
    SMP5               0.785       0.057      0.000       0.679       0.896      *

 WSM_6    BY
    SMP6               0.765       0.070      0.000       0.618       0.889      *

 WSM_7    BY
    SMP7               0.841       0.043      0.000       0.756       0.922      *

 WMH_5    BY
    BAS5               0.849       0.058      0.000       0.749       0.970      *

 WMH_6    BY
    BAS6               0.834       0.071      0.000       0.697       0.968      *

 WMH_7    BY
    BAS7               0.855       0.058      0.000       0.747       0.972      *

 WSM_7      ON
    WSM_6             -0.097       0.191      0.303      -0.508       0.230
    WMH_6             -0.044       0.154      0.380      -0.353       0.262

 WSM_6      ON
    WSM_5              0.349       0.126      0.009       0.068       0.557      *
    WMH_5             -0.045       0.118      0.344      -0.264       0.197

 WMH_7      ON
    WSM_6              0.006       0.166      0.485      -0.319       0.338
    WMH_6              0.038       0.180      0.421      -0.355       0.329

 WMH_6      ON
    WSM_5             -0.076       0.117      0.256      -0.297       0.167
    WMH_5              0.323       0.118      0.007       0.068       0.524      *

 RISM     WITH
    RIMH               0.239       0.334      0.208      -0.483       0.894

 WMH_5    WITH
    WSM_5              0.126       0.123      0.151      -0.105       0.372

 WMH_6    WITH
    WSM_6              0.068       0.120      0.286      -0.174       0.299

 WMH_7    WITH
    WSM_7              0.184       0.135      0.084      -0.087       0.444

 Intercepts
    SMP5               1.053       0.072      0.000       0.913       1.198      *
    SMP6               1.205       0.079      0.000       1.049       1.362      *
    SMP7               1.290       0.100      0.000       1.097       1.488      *
    BAS5               7.802       0.343      0.000       7.129       8.480      *
    BAS6               7.978       0.355      0.000       7.277       8.673      *
    BAS7               7.658       0.415      0.000       6.846       8.469      *

 Variances
    RISM               1.000       0.000      0.000       1.000       1.000
    RIMH               1.000       0.000      0.000       1.000       1.000
    WSM_5              1.000       0.000      0.000       1.000       1.000
    WMH_5              1.000       0.000      0.000       1.000       1.000

 Residual Variances
    SMP5               0.118       0.010      0.000       0.100       0.139      *
    SMP6               0.128       0.011      0.000       0.107       0.152      *
    SMP7               0.091       0.010      0.000       0.073       0.111      *
    BAS5               0.008       0.001      0.000       0.007       0.010      *
    BAS6               0.009       0.001      0.000       0.008       0.011      *
    BAS7               0.008       0.001      0.000       0.006       0.010      *
    WSM_6              0.862       0.081      0.000       0.681       0.983      *
    WSM_7              0.957       0.079      0.000       0.716       0.999      *
    WMH_6              0.876       0.073      0.000       0.712       0.985      *
    WMH_7              0.956       0.053      0.000       0.806       0.999      *


R-SQUARE

                                Posterior  One-Tailed         95% C.I.
    Variable        Estimate       S.D.      P-Value   Lower 2.5%  Upper 2.5%

    SMP5               0.882       0.010      0.000       0.861       0.900
    SMP6               0.872       0.011      0.000       0.848       0.893
    SMP7               0.909       0.010      0.000       0.889       0.927
    BAS5               0.992       0.001      0.000       0.990       0.993
    BAS6               0.991       0.001      0.000       0.989       0.992
    BAS7               0.992       0.001      0.000       0.990       0.994

                                Posterior  One-Tailed         95% C.I.
    Variable        Estimate       S.D.      P-Value   Lower 2.5%  Upper 2.5%

    WSM_6              0.138       0.081      0.000       0.017       0.319
    WSM_7              0.043       0.079      0.000       0.001       0.284
    WMH_6              0.124       0.073      0.000       0.015       0.288
    WMH_7              0.044       0.053      0.000       0.001       0.193


TECHNICAL 1 OUTPUT


     PARAMETER SPECIFICATION


           NU
              SMP5          SMP6          SMP7          BAS5          BAS6
              ________      ________      ________      ________      ________
                    1             2             3             4             5


           NU
              BAS7
              ________
                    6


           LAMBDA
              RISM          RIMH          WSM_5         WSM_6         WSM_7
              ________      ________      ________      ________      ________
 SMP5               0             0             0             0             0
 SMP6               0             0             0             0             0
 SMP7               0             0             0             0             0
 BAS5               0             0             0             0             0
 BAS6               0             0             0             0             0
 BAS7               0             0             0             0             0


           LAMBDA
              WMH_5         WMH_6         WMH_7
              ________      ________      ________
 SMP5               0             0             0
 SMP6               0             0             0
 SMP7               0             0             0
 BAS5               0             0             0
 BAS6               0             0             0
 BAS7               0             0             0


           THETA
              SMP5          SMP6          SMP7          BAS5          BAS6
              ________      ________      ________      ________      ________
 SMP5               0
 SMP6               0             0
 SMP7               0             0             0
 BAS5               0             0             0             0
 BAS6               0             0             0             0             0
 BAS7               0             0             0             0             0


           THETA
              BAS7
              ________
 BAS7               0


           ALPHA
              RISM          RIMH          WSM_5         WSM_6         WSM_7
              ________      ________      ________      ________      ________
                    0             0             0             0             0


           ALPHA
              WMH_5         WMH_6         WMH_7
              ________      ________      ________
                    0             0             0


           BETA
              RISM          RIMH          WSM_5         WSM_6         WSM_7
              ________      ________      ________      ________      ________
 RISM               0             0             0             0             0
 RIMH               0             0             0             0             0
 WSM_5              0             0             0             0             0
 WSM_6              0             0             7             0             0
 WSM_7              0             0             0             9             0
 WMH_5              0             0             0             0             0
 WMH_6              0             0            11             0             0
 WMH_7              0             0             0            13             0


           BETA
              WMH_5         WMH_6         WMH_7
              ________      ________      ________
 RISM               0             0             0
 RIMH               0             0             0
 WSM_5              0             0             0
 WSM_6              8             0             0
 WSM_7              0            10             0
 WMH_5              0             0             0
 WMH_6             12             0             0
 WMH_7              0            14             0


           PSI
              RISM          RIMH          WSM_5         WSM_6         WSM_7
              ________      ________      ________      ________      ________
 RISM              15
 RIMH              16            17
 WSM_5              0             0            18
 WSM_6              0             0             0            19
 WSM_7              0             0             0             0            20
 WMH_5              0             0            21             0             0
 WMH_6              0             0             0            23             0
 WMH_7              0             0             0             0            25


           PSI
              WMH_5         WMH_6         WMH_7
              ________      ________      ________
 WMH_5             22
 WMH_6              0            24
 WMH_7              0             0            26


     STARTING VALUES


           NU
              SMP5          SMP6          SMP7          BAS5          BAS6
              ________      ________      ________      ________      ________
                1.373         1.492         1.937        38.535        37.453


           NU
              BAS7
              ________
               38.452


           LAMBDA
              RISM          RIMH          WSM_5         WSM_6         WSM_7
              ________      ________      ________      ________      ________
 SMP5           1.000         0.000         1.000         0.000         0.000
 SMP6           1.000         0.000         0.000         1.000         0.000
 SMP7           1.000         0.000         0.000         0.000         1.000
 BAS5           0.000         1.000         0.000         0.000         0.000
 BAS6           0.000         1.000         0.000         0.000         0.000
 BAS7           0.000         1.000         0.000         0.000         0.000


           LAMBDA
              WMH_5         WMH_6         WMH_7
              ________      ________      ________
 SMP5           0.000         0.000         0.000
 SMP6           0.000         0.000         0.000
 SMP7           0.000         0.000         0.000
 BAS5           1.000         0.000         0.000
 BAS6           0.000         1.000         0.000
 BAS7           0.000         0.000         1.000


           THETA
              SMP5          SMP6          SMP7          BAS5          BAS6
              ________      ________      ________      ________      ________
 SMP5           0.200
 SMP6           0.000         0.200
 SMP7           0.000         0.000         0.200
 BAS5           0.000         0.000         0.000         0.200
 BAS6           0.000         0.000         0.000         0.000         0.200
 BAS7           0.000         0.000         0.000         0.000         0.000


           THETA
              BAS7
              ________
 BAS7           0.200


           ALPHA
              RISM          RIMH          WSM_5         WSM_6         WSM_7
              ________      ________      ________      ________      ________
                0.000         0.000         0.000         0.000         0.000


           ALPHA
              WMH_5         WMH_6         WMH_7
              ________      ________      ________
                0.000         0.000         0.000


           BETA
              RISM          RIMH          WSM_5         WSM_6         WSM_7
              ________      ________      ________      ________      ________
 RISM           0.000         0.000         0.000         0.000         0.000
 RIMH           0.000         0.000         0.000         0.000         0.000
 WSM_5          0.000         0.000         0.000         0.000         0.000
 WSM_6          0.000         0.000         0.000         0.000         0.000
 WSM_7          0.000         0.000         0.000         0.000         0.000
 WMH_5          0.000         0.000         0.000         0.000         0.000
 WMH_6          0.000         0.000         0.000         0.000         0.000
 WMH_7          0.000         0.000         0.000         0.000         0.000


           BETA
              WMH_5         WMH_6         WMH_7
              ________      ________      ________
 RISM           0.000         0.000         0.000
 RIMH           0.000         0.000         0.000
 WSM_5          0.000         0.000         0.000
 WSM_6          0.000         0.000         0.000
 WSM_7          0.000         0.000         0.000
 WMH_5          0.000         0.000         0.000
 WMH_6          0.000         0.000         0.000
 WMH_7          0.000         0.000         0.000


           PSI
              RISM          RIMH          WSM_5         WSM_6         WSM_7
              ________      ________      ________      ________      ________
 RISM           1.000
 RIMH           0.000         1.000
 WSM_5          0.000         0.000         1.000
 WSM_6          0.000         0.000         0.000         1.000
 WSM_7          0.000         0.000         0.000         0.000         1.000
 WMH_5          0.000         0.000         0.000         0.000         0.000
 WMH_6          0.000         0.000         0.000         0.000         0.000
 WMH_7          0.000         0.000         0.000         0.000         0.000


           PSI
              WMH_5         WMH_6         WMH_7
              ________      ________      ________
 WMH_5          1.000
 WMH_6          0.000         1.000
 WMH_7          0.000         0.000         1.000



     PRIORS FOR ALL PARAMETERS            PRIOR MEAN      PRIOR VARIANCE     PRIOR STD. DEV.

     Parameter 1~N(0.000,infinity)           0.0000            infinity            infinity
     Parameter 2~N(0.000,infinity)           0.0000            infinity            infinity
     Parameter 3~N(0.000,infinity)           0.0000            infinity            infinity
     Parameter 4~N(0.000,infinity)           0.0000            infinity            infinity
     Parameter 5~N(0.000,infinity)           0.0000            infinity            infinity
     Parameter 6~N(0.000,infinity)           0.0000            infinity            infinity
     Parameter 7~N(0.000,infinity)           0.0000            infinity            infinity
     Parameter 8~N(0.000,infinity)           0.0000            infinity            infinity
     Parameter 9~N(0.000,infinity)           0.0000            infinity            infinity
     Parameter 10~N(0.000,infinity)          0.0000            infinity            infinity
     Parameter 11~N(0.000,infinity)          0.0000            infinity            infinity
     Parameter 12~N(0.000,infinity)          0.0000            infinity            infinity
     Parameter 13~N(0.000,infinity)          0.0000            infinity            infinity
     Parameter 14~N(0.000,infinity)          0.0000            infinity            infinity
     Parameter 15~IW(0.000,-3)             infinity            infinity            infinity
     Parameter 16~IW(0.000,-3)             infinity            infinity            infinity
     Parameter 17~IW(0.000,-3)             infinity            infinity            infinity
     Parameter 18~IW(0.000,-3)             infinity            infinity            infinity
     Parameter 19~IW(0.000,-3)             infinity            infinity            infinity
     Parameter 20~IW(0.000,-3)             infinity            infinity            infinity
     Parameter 21~IW(0.000,-3)             infinity            infinity            infinity
     Parameter 22~IW(0.000,-3)             infinity            infinity            infinity
     Parameter 23~IW(0.000,-3)             infinity            infinity            infinity
     Parameter 24~IW(0.000,-3)             infinity            infinity            infinity
     Parameter 25~IW(0.000,-3)             infinity            infinity            infinity
     Parameter 26~IW(0.000,-3)             infinity            infinity            infinity


TECHNICAL 8 OUTPUT


   TECHNICAL 8 OUTPUT FOR BAYES ESTIMATION

     CHAIN    BSEED
     1        0
     2        285380

                     POTENTIAL       PARAMETER WITH
     ITERATION    SCALE REDUCTION      HIGHEST PSR
     100              3.092               15
     200              2.174               13
     300              1.338               14
     400              1.077               12
     500              1.122               26
     600              1.190               15
     700              1.171               15
     800              1.173               15
     900              1.166               15
     1000             1.179               15
     1100             1.106               21
     1200             1.101               21
     1300             1.091               21
     1400             1.086               16
     1500             1.115               16
     1600             1.059               16
     1700             1.035               11
     1800             1.027               11
     1900             1.040               4
     2000             1.026               4
     2100             1.013               4
     2200             1.013               6
     2300             1.029               6
     2400             1.039               6
     2500             1.032               6
     2600             1.022               6
     2700             1.045               6
     2800             1.050               6
     2900             1.031               6
     3000             1.036               6
     3100             1.036               9
     3200             1.037               9
     3300             1.038               15
     3400             1.045               15
     3500             1.044               15
     3600             1.037               15
     3700             1.043               15
     3800             1.047               15
     3900             1.039               15
     4000             1.041               15
     4100             1.042               15
     4200             1.038               15
     4300             1.040               15
     4400             1.034               15
     4500             1.036               15
     4600             1.030               15
     4700             1.027               17
     4800             1.025               15
     4900             1.019               15
     5000             1.020               15
     5100             1.024               17
     5200             1.035               17
     5300             1.030               17
     5400             1.023               17
     5500             1.017               17
     5600             1.019               17
     5700             1.021               17
     5800             1.022               22
     5900             1.020               6
     6000             1.016               6
     6100             1.021               6
     6200             1.025               6
     6300             1.034               6
     6400             1.036               6
     6500             1.032               6
     6600             1.032               6
     6700             1.030               6
     6800             1.030               6
     6900             1.025               6
     7000             1.028               6
     7100             1.024               6
     7200             1.023               6
     7300             1.023               6
     7400             1.022               6
     7500             1.028               6
     7600             1.025               6
     7700             1.027               6
     7800             1.026               6
     7900             1.026               6
     8000             1.028               6
     8100             1.024               6
     8200             1.022               6
     8300             1.020               6
     8400             1.018               6
     8500             1.018               6
     8600             1.019               6
     8700             1.022               6
     8800             1.015               6
     8900             1.011               6
     9000             1.008               6
     9100             1.008               6
     9200             1.008               6
     9300             1.005               25
     9400             1.006               25
     9500             1.008               5
     9600             1.006               5
     9700             1.005               5
     9800             1.006               11
     9900             1.009               4
     10000            1.010               4


DIAGRAM INFORMATION

  Use View Diagram under the Diagram menu in the Mplus Editor to view the diagram.
  If running Mplus from the Mplus Diagrammer, the diagram opens automatically.

  Diagram output
    c:\users\lg05\onedrive - university of cambridge\repositories\win\2025_cognitive_phenotype\code\mplus\baseline\dd_an

     Beginning Time:  11:56:14
        Ending Time:  11:56:39
       Elapsed Time:  00:00:25



MUTHEN & MUTHEN
3463 Stoner Ave.
Los Angeles, CA  90066

Tel: (310) 391-9971
Fax: (310) 391-8971
Web: www.StatModel.com
Support: Support@StatModel.com

Copyright (c) 1998-2023 Muthen & Muthen
