Mplus VERSION 8.9
MUTHEN & MUTHEN
04/02/2025  12:01 PM

INPUT INSTRUCTIONS

  TITLE: RI-CLPM for LCID Social Media and HSCS Data

  DATA:
      FILE = "C:\Users\lg05\OneDrive - University of Cambridge\repositories\
      win\2025_cognitive_phenotype\data\mplus\lcid_baseline_hscs.dat";

  VARIABLE:
      !variables included in the dataset
      NAMES ARE smt5 smt6 smt7         !social media use total
                 smp5 smp6 smp7         !social media use posting and scrolling
                 smm5 smm6 smm7         !social media use messaging
                 smv5 smv6 smv7         !social media use video watching
                 eat5 eat6 eat7         !eatq-ec total
                 bis5 bis6 bis7         !bis/bas behavioural inhibition
                 bas5 bas6 bas7         !bis/bas behavioural activation
                 bbt5 bbt6 bbt7         !bis/bas total
                 hsc5 hsc6 hsc7         !highly sensitive child scale total
                 sdq5 sdq6 sdq7         !strengths and difficulties total

                 csm5 csm6              !compulsive social media use [aux]
                 sex ses edu1           !demographics [aux]
                 bsi6 bsi7              !brief symptom inventory total [aux]
                 bsid6 bsid7            !brief symptom inventory depression [aux]
                 bsia6 bsia7            !brief symptom inventory anxiety [aux]
                 pdsi2 pds5 pds6 pds7;  !pubertal development score [aux]

      !variables used in analyses
      USEVARIABLES ARE smp5 smp6 smp7
                       hsc5 hsc6 hsc7;

      !missingness marker in dataset
      MISSING ARE ALL (-999);

      AUXILIARY ARE csm5 csm6 sex ses edu1
                    bsi6 bsi7 bsid6 bsid7 bsia6 bsia7
                    pdsi2 pds5 pds6 pds7;
  ANALYSIS:
      Estimator = BAYES;
      Type = random;          !required when including interaction effects
      model = nocovariances;  !covariances should not be estimated per default
      processors = 2;         !multiple processors used to increase computing speed
      chains = 2;             !number of MCMC chains
      thin = 10;              !save every 10th iteration

      fbiter = 10000;         !PSR <1.1 at 3,600 (10,000 minimum applied)

  MODEL:
      !Create between components (random intercepts)
      RIsm BY smp5@1 smp6@1 smp7@1;
      RImh BY hsc5@1 hsc6@1 hsc7@1;

      !Create within-person centred variables
      wsm_5 BY smp5@1;
      wsm_6 BY smp6@1;
      wsm_7 BY smp7@1;

      wmh_5 BY hsc5@1;
      wmh_6 BY hsc6@1;
      wmh_7 BY hsc7@1;

      !Constrain measurement error variances to zero
      !or close to zero to allow for reasonable imputation times
      smp5-hsc7@0.2; !subtraction opposite to Lydia's script?
      !eatq5-sm7@0.2; !this order aligns with Lydia's script but error

      !Estimate the lagged effects between the within-person centred variables
      wsm_7 ON wsm_6 wmh_6;
      wmh_7 ON wsm_6 wmh_6;

      wsm_6 ON wsm_5 wmh_5;
      wmh_6 ON wsm_5 wmh_5;

      !Estimate covariance between random intercepts
      RIsm WITH RImh;

      !Estimate the covariance between the within-person
      !components at the first wave
      wmh_5 WITH wsm_5;

      !Estimate the covariances between the residuals of
      !the within-person components
      wmh_6 WITH wsm_6;
      wmh_7 WITH wsm_7;

  OUTPUT:
      TECH8; !required to examine PSR values
      STDYX; !get standardised output



INPUT READING TERMINATED NORMALLY



RI-CLPM for LCID Social Media and HSCS Data

SUMMARY OF ANALYSIS

Number of groups                                                 1
Number of observations                                         353

Number of dependent variables                                    6
Number of independent variables                                  0
Number of continuous latent variables                            8

Observed dependent variables

  Continuous
   SMP5        SMP6        SMP7        HSC5        HSC6        HSC7

Observed auxiliary variables
   CSM5        CSM6        SEX         SES         EDU1        BSI6
   BSI7        BSID6       BSID7       BSIA6       BSIA7       PDSI2
   PDS5        PDS6        PDS7

Continuous latent variables
   RISM        RIMH        WSM_5       WSM_6       WSM_7       WMH_5
   WMH_6       WMH_7


Estimator                                                    BAYES
Specifications for Bayesian Estimation
  Point estimate                                            MEDIAN
  Number of Markov chain Monte Carlo (MCMC) chains               2
  Random seed for the first chain                                0
  Starting value information                           UNPERTURBED
  Algorithm used for Markov chain Monte Carlo           GIBBS(PX1)
  Fixed number of iterations                                 10000
  K-th iteration used for thinning                              10

Input data file(s)
  C:\Users\lg05\OneDrive - University of Cambridge\repositories\win\2025_cogniti
Input data format  FREE


SUMMARY OF DATA



COVARIANCE COVERAGE OF DATA

Minimum covariance coverage value   0.100

     Number of missing data patterns            16


     PROPORTION OF DATA PRESENT


           Covariance Coverage
              SMP5          SMP6          SMP7          HSC5          HSC6
              ________      ________      ________      ________      ________
 SMP5           0.858
 SMP6           0.697         0.754
 SMP7           0.422         0.374         0.535
 HSC5           0.762         0.632         0.374         0.768
 HSC6           0.671         0.728         0.357         0.609         0.728
 HSC7           0.422         0.374         0.535         0.374         0.357


           Covariance Coverage
              HSC7
              ________
 HSC7           0.535



UNIVARIATE SAMPLE STATISTICS


     UNIVARIATE HIGHER-ORDER MOMENT DESCRIPTIVE STATISTICS

         Variable/         Mean/     Skewness/   Minimum/ % with                Percentiles
        Sample Size      Variance    Kurtosis    Maximum  Min/Max      20%/60%    40%/80%    Median

     SMP5                  1.373       0.996       0.000   27.72%       0.000      1.000      1.000
             303.000       1.627       0.563       5.000    3.30%       1.000      2.000
     SMP6                  1.492       0.841       0.000   21.43%       0.000      1.000      1.000
             266.000       1.513       0.358       5.000    3.01%       2.000      2.000
     SMP7                  1.937       0.620       0.000   14.81%       1.000      1.000      2.000
             189.000       2.049      -0.371       5.000    8.47%       2.000      3.000
     HSC5                 55.351      -0.001      21.000    0.37%      46.000     53.000     55.000
             271.000     122.080       0.362      91.000    0.37%      58.000     65.000
     HSC6                 55.206      -0.421      14.000    0.39%      46.000     52.000     56.000
             257.000     137.199       0.416      84.000    0.39%      59.000     65.000
     HSC7                 55.265      -0.027      27.000    1.06%      45.000     54.000     56.000
             189.000     121.634      -0.164      85.000    1.06%      58.000     64.000


THE MODEL ESTIMATION TERMINATED NORMALLY

     USE THE FBITERATIONS OPTION TO INCREASE THE NUMBER OF ITERATIONS BY A FACTOR
     OF AT LEAST TWO TO CHECK CONVERGENCE AND THAT THE PSR VALUE DOES NOT INCREASE.



MODEL FIT INFORMATION

Number of Free Parameters                              26

Bayesian Posterior Predictive Checking using Chi-Square

          95% Confidence Interval for the Difference Between
          the Observed and the Replicated Chi-Square Values

                                -21.266            24.517

          Posterior Predictive P-Value              0.452

Information Criteria

          Deviance (DIC)                         7937.139
          Estimated Number of Parameters (pD)      24.657
          Bayesian (BIC)                         8040.133

RMSEA (Root Mean Square Error Of Approximation)

          Estimate                           0.000
          90 Percent C.I.                    0.000  0.064
          Probability RMSEA <= .05           0.933

CFI/TLI

          CFI                                1.000
          90 Percent C.I.                    0.976  1.000

          TLI                                1.000
          90 Percent C.I.                    0.847  1.000



MODEL RESULTS

                                Posterior  One-Tailed         95% C.I.
                    Estimate       S.D.      P-Value   Lower 2.5%  Upper 2.5%  Significance

 RISM     BY
    SMP5               1.000       0.000      0.000       1.000       1.000
    SMP6               1.000       0.000      0.000       1.000       1.000
    SMP7               1.000       0.000      0.000       1.000       1.000

 RIMH     BY
    HSC5               1.000       0.000      0.000       1.000       1.000
    HSC6               1.000       0.000      0.000       1.000       1.000
    HSC7               1.000       0.000      0.000       1.000       1.000

 WSM_5    BY
    SMP5               1.000       0.000      0.000       1.000       1.000

 WSM_6    BY
    SMP6               1.000       0.000      0.000       1.000       1.000

 WSM_7    BY
    SMP7               1.000       0.000      0.000       1.000       1.000

 WMH_5    BY
    HSC5               1.000       0.000      0.000       1.000       1.000

 WMH_6    BY
    HSC6               1.000       0.000      0.000       1.000       1.000

 WMH_7    BY
    HSC7               1.000       0.000      0.000       1.000       1.000

 WSM_7      ON
    WSM_6             -0.075       0.253      0.386      -0.647       0.321
    WMH_6             -0.007       0.016      0.317      -0.038       0.024

 WMH_7      ON
    WSM_6             -0.424       1.639      0.394      -3.743       2.599
    WMH_6              0.202       0.126      0.070      -0.064       0.424

 WSM_6      ON
    WSM_5              0.339       0.128      0.008       0.066       0.561      *
    WMH_5              0.001       0.011      0.471      -0.021       0.023

 WMH_6      ON
    WSM_5              0.286       1.114      0.400      -1.970       2.364
    WMH_5              0.396       0.115      0.001       0.148       0.595      *

 RISM     WITH
    RIMH               0.404       1.082      0.358      -1.855       2.353

 WMH_5    WITH
    WSM_5             -2.068       1.273      0.054      -4.516       0.468

 WMH_6    WITH
    WSM_6             -0.861       0.894      0.169      -2.624       0.902

 WMH_7    WITH
    WSM_7              2.012       1.387      0.068      -0.681       4.888

 Intercepts
    SMP5               1.372       0.075      0.000       1.227       1.521      *
    SMP6               1.501       0.075      0.000       1.353       1.649      *
    SMP7               1.916       0.106      0.000       1.706       2.125      *
    HSC5              55.181       0.720      0.000      53.583      56.440      *
    HSC6              55.024       0.696      0.000      53.717      56.325      *
    HSC7              55.253       0.760      0.000      53.983      56.829      *

 Variances
    RISM               0.413       0.159      0.000       0.108       0.722      *
    RIMH              28.032      13.244      0.000       4.045      53.665      *
    WSM_5              1.070       0.184      0.000       0.757       1.467      *
    WMH_5            100.555      15.967      0.000      72.133     133.892      *

 Residual Variances
    SMP5               0.200       0.000      0.000       0.200       0.200
    SMP6               0.200       0.000      0.000       0.200       0.200
    SMP7               0.200       0.000      0.000       0.200       0.200
    HSC5               0.200       0.000      0.000       0.200       0.200
    HSC6               0.200       0.000      0.000       0.200       0.200
    HSC7               0.200       0.000      0.000       0.200       0.200
    WSM_6              0.794       0.134      0.000       0.535       1.067      *
    WSM_7              1.527       0.280      0.000       0.962       2.089      *
    WMH_6             95.647      11.456      0.000      74.469     119.309      *
    WMH_7             92.222      13.261      0.000      67.995     119.841      *


STANDARDIZED MODEL RESULTS


STDYX Standardization

                                Posterior  One-Tailed         95% C.I.
                    Estimate       S.D.      P-Value   Lower 2.5%  Upper 2.5%  Significance
 RISM     BY
    SMP5               0.496       0.099      0.000       0.254       0.641      *
    SMP6               0.514       0.108      0.000       0.263       0.684      *
    SMP7               0.432       0.088      0.000       0.224       0.567      *

 RIMH     BY
    HSC5               0.467       0.119      0.000       0.176       0.639      *
    HSC6               0.445       0.116      0.000       0.168       0.619      *
    HSC7               0.465       0.117      0.000       0.179       0.631      *

 WSM_5    BY
    SMP5               0.797       0.057      0.000       0.686       0.904      *

 WSM_6    BY
    SMP6               0.780       0.069      0.000       0.630       0.898      *

 WSM_7    BY
    SMP7               0.851       0.042      0.000       0.764       0.928      *

 WMH_5    BY
    HSC5               0.883       0.057      0.000       0.768       0.984      *

 WMH_6    BY
    HSC6               0.895       0.053      0.000       0.784       0.985      *

 WMH_7    BY
    HSC7               0.884       0.056      0.000       0.774       0.983      *

 WSM_7      ON
    WSM_6             -0.058       0.186      0.386      -0.460       0.254
    WMH_6             -0.062       0.131      0.317      -0.323       0.196

 WMH_7      ON
    WSM_6             -0.042       0.153      0.394      -0.345       0.250
    WMH_6              0.215       0.133      0.070      -0.066       0.442

 WSM_6      ON
    WSM_5              0.362       0.128      0.008       0.075       0.570      *
    WMH_5              0.009       0.117      0.471      -0.229       0.233

 WMH_6      ON
    WSM_5              0.027       0.107      0.400      -0.193       0.223
    WMH_5              0.373       0.104      0.001       0.141       0.546      *

 RISM     WITH
    RIMH               0.123       0.396      0.358      -0.745       0.900

 WMH_5    WITH
    WSM_5             -0.201       0.121      0.054      -0.426       0.044

 WMH_6    WITH
    WSM_6             -0.099       0.103      0.169      -0.300       0.105

 WMH_7    WITH
    WSM_7              0.172       0.116      0.068      -0.060       0.400

 Intercepts
    SMP5               1.057       0.072      0.000       0.916       1.202      *
    SMP6               1.203       0.080      0.000       1.046       1.357      *
    SMP7               1.290       0.100      0.000       1.098       1.487      *
    HSC5               4.861       0.226      0.000       4.431       5.319      *
    HSC6               4.614       0.211      0.000       4.209       5.029      *
    HSC7               4.860       0.260      0.000       4.356       5.355      *

 Variances
    RISM               1.000       0.000      0.000       1.000       1.000
    RIMH               1.000       0.000      0.000       1.000       1.000
    WSM_5              1.000       0.000      0.000       1.000       1.000
    WMH_5              1.000       0.000      0.000       1.000       1.000

 Residual Variances
    SMP5               0.118       0.010      0.000       0.100       0.140      *
    SMP6               0.128       0.011      0.000       0.107       0.152      *
    SMP7               0.091       0.010      0.000       0.073       0.111      *
    HSC5               0.002       0.000      0.000       0.001       0.002      *
    HSC6               0.001       0.000      0.000       0.001       0.002      *
    HSC7               0.002       0.000      0.000       0.001       0.002      *
    WSM_6              0.853       0.082      0.000       0.672       0.980      *
    WSM_7              0.964       0.065      0.000       0.771       0.999      *
    WMH_6              0.848       0.070      0.000       0.700       0.965      *
    WMH_7              0.923       0.063      0.000       0.761       0.996      *


R-SQUARE

                                Posterior  One-Tailed         95% C.I.
    Variable        Estimate       S.D.      P-Value   Lower 2.5%  Upper 2.5%

    SMP5               0.882       0.010      0.000       0.860       0.900
    SMP6               0.872       0.011      0.000       0.848       0.893
    SMP7               0.909       0.010      0.000       0.889       0.927
    HSC5               0.998       0.000      0.000       0.998       0.999
    HSC6               0.999       0.000      0.000       0.998       0.999
    HSC7               0.998       0.000      0.000       0.998       0.999

                                Posterior  One-Tailed         95% C.I.
    Variable        Estimate       S.D.      P-Value   Lower 2.5%  Upper 2.5%

    WSM_6              0.147       0.082      0.000       0.020       0.328
    WSM_7              0.036       0.065      0.000       0.001       0.227
    WMH_6              0.152       0.070      0.000       0.035       0.300
    WMH_7              0.077       0.063      0.000       0.004       0.239


TECHNICAL 1 OUTPUT


     PARAMETER SPECIFICATION


           NU
              SMP5          SMP6          SMP7          HSC5          HSC6
              ________      ________      ________      ________      ________
                    1             2             3             4             5


           NU
              HSC7
              ________
                    6


           LAMBDA
              RISM          RIMH          WSM_5         WSM_6         WSM_7
              ________      ________      ________      ________      ________
 SMP5               0             0             0             0             0
 SMP6               0             0             0             0             0
 SMP7               0             0             0             0             0
 HSC5               0             0             0             0             0
 HSC6               0             0             0             0             0
 HSC7               0             0             0             0             0


           LAMBDA
              WMH_5         WMH_6         WMH_7
              ________      ________      ________
 SMP5               0             0             0
 SMP6               0             0             0
 SMP7               0             0             0
 HSC5               0             0             0
 HSC6               0             0             0
 HSC7               0             0             0


           THETA
              SMP5          SMP6          SMP7          HSC5          HSC6
              ________      ________      ________      ________      ________
 SMP5               0
 SMP6               0             0
 SMP7               0             0             0
 HSC5               0             0             0             0
 HSC6               0             0             0             0             0
 HSC7               0             0             0             0             0


           THETA
              HSC7
              ________
 HSC7               0


           ALPHA
              RISM          RIMH          WSM_5         WSM_6         WSM_7
              ________      ________      ________      ________      ________
                    0             0             0             0             0


           ALPHA
              WMH_5         WMH_6         WMH_7
              ________      ________      ________
                    0             0             0


           BETA
              RISM          RIMH          WSM_5         WSM_6         WSM_7
              ________      ________      ________      ________      ________
 RISM               0             0             0             0             0
 RIMH               0             0             0             0             0
 WSM_5              0             0             0             0             0
 WSM_6              0             0             7             0             0
 WSM_7              0             0             0             9             0
 WMH_5              0             0             0             0             0
 WMH_6              0             0            11             0             0
 WMH_7              0             0             0            13             0


           BETA
              WMH_5         WMH_6         WMH_7
              ________      ________      ________
 RISM               0             0             0
 RIMH               0             0             0
 WSM_5              0             0             0
 WSM_6              8             0             0
 WSM_7              0            10             0
 WMH_5              0             0             0
 WMH_6             12             0             0
 WMH_7              0            14             0


           PSI
              RISM          RIMH          WSM_5         WSM_6         WSM_7
              ________      ________      ________      ________      ________
 RISM              15
 RIMH              16            17
 WSM_5              0             0            18
 WSM_6              0             0             0            19
 WSM_7              0             0             0             0            20
 WMH_5              0             0            21             0             0
 WMH_6              0             0             0            23             0
 WMH_7              0             0             0             0            25


           PSI
              WMH_5         WMH_6         WMH_7
              ________      ________      ________
 WMH_5             22
 WMH_6              0            24
 WMH_7              0             0            26


     STARTING VALUES


           NU
              SMP5          SMP6          SMP7          HSC5          HSC6
              ________      ________      ________      ________      ________
                1.373         1.492         1.937        55.351        55.206


           NU
              HSC7
              ________
               55.265


           LAMBDA
              RISM          RIMH          WSM_5         WSM_6         WSM_7
              ________      ________      ________      ________      ________
 SMP5           1.000         0.000         1.000         0.000         0.000
 SMP6           1.000         0.000         0.000         1.000         0.000
 SMP7           1.000         0.000         0.000         0.000         1.000
 HSC5           0.000         1.000         0.000         0.000         0.000
 HSC6           0.000         1.000         0.000         0.000         0.000
 HSC7           0.000         1.000         0.000         0.000         0.000


           LAMBDA
              WMH_5         WMH_6         WMH_7
              ________      ________      ________
 SMP5           0.000         0.000         0.000
 SMP6           0.000         0.000         0.000
 SMP7           0.000         0.000         0.000
 HSC5           1.000         0.000         0.000
 HSC6           0.000         1.000         0.000
 HSC7           0.000         0.000         1.000


           THETA
              SMP5          SMP6          SMP7          HSC5          HSC6
              ________      ________      ________      ________      ________
 SMP5           0.200
 SMP6           0.000         0.200
 SMP7           0.000         0.000         0.200
 HSC5           0.000         0.000         0.000         0.200
 HSC6           0.000         0.000         0.000         0.000         0.200
 HSC7           0.000         0.000         0.000         0.000         0.000


           THETA
              HSC7
              ________
 HSC7           0.200


           ALPHA
              RISM          RIMH          WSM_5         WSM_6         WSM_7
              ________      ________      ________      ________      ________
                0.000         0.000         0.000         0.000         0.000


           ALPHA
              WMH_5         WMH_6         WMH_7
              ________      ________      ________
                0.000         0.000         0.000


           BETA
              RISM          RIMH          WSM_5         WSM_6         WSM_7
              ________      ________      ________      ________      ________
 RISM           0.000         0.000         0.000         0.000         0.000
 RIMH           0.000         0.000         0.000         0.000         0.000
 WSM_5          0.000         0.000         0.000         0.000         0.000
 WSM_6          0.000         0.000         0.000         0.000         0.000
 WSM_7          0.000         0.000         0.000         0.000         0.000
 WMH_5          0.000         0.000         0.000         0.000         0.000
 WMH_6          0.000         0.000         0.000         0.000         0.000
 WMH_7          0.000         0.000         0.000         0.000         0.000


           BETA
              WMH_5         WMH_6         WMH_7
              ________      ________      ________
 RISM           0.000         0.000         0.000
 RIMH           0.000         0.000         0.000
 WSM_5          0.000         0.000         0.000
 WSM_6          0.000         0.000         0.000
 WSM_7          0.000         0.000         0.000
 WMH_5          0.000         0.000         0.000
 WMH_6          0.000         0.000         0.000
 WMH_7          0.000         0.000         0.000


           PSI
              RISM          RIMH          WSM_5         WSM_6         WSM_7
              ________      ________      ________      ________      ________
 RISM           1.000
 RIMH           0.000         1.000
 WSM_5          0.000         0.000         1.000
 WSM_6          0.000         0.000         0.000         1.000
 WSM_7          0.000         0.000         0.000         0.000         1.000
 WMH_5          0.000         0.000         0.000         0.000         0.000
 WMH_6          0.000         0.000         0.000         0.000         0.000
 WMH_7          0.000         0.000         0.000         0.000         0.000


           PSI
              WMH_5         WMH_6         WMH_7
              ________      ________      ________
 WMH_5          1.000
 WMH_6          0.000         1.000
 WMH_7          0.000         0.000         1.000



     PRIORS FOR ALL PARAMETERS            PRIOR MEAN      PRIOR VARIANCE     PRIOR STD. DEV.

     Parameter 1~N(0.000,infinity)           0.0000            infinity            infinity
     Parameter 2~N(0.000,infinity)           0.0000            infinity            infinity
     Parameter 3~N(0.000,infinity)           0.0000            infinity            infinity
     Parameter 4~N(0.000,infinity)           0.0000            infinity            infinity
     Parameter 5~N(0.000,infinity)           0.0000            infinity            infinity
     Parameter 6~N(0.000,infinity)           0.0000            infinity            infinity
     Parameter 7~N(0.000,infinity)           0.0000            infinity            infinity
     Parameter 8~N(0.000,infinity)           0.0000            infinity            infinity
     Parameter 9~N(0.000,infinity)           0.0000            infinity            infinity
     Parameter 10~N(0.000,infinity)          0.0000            infinity            infinity
     Parameter 11~N(0.000,infinity)          0.0000            infinity            infinity
     Parameter 12~N(0.000,infinity)          0.0000            infinity            infinity
     Parameter 13~N(0.000,infinity)          0.0000            infinity            infinity
     Parameter 14~N(0.000,infinity)          0.0000            infinity            infinity
     Parameter 15~IW(0.000,-3)             infinity            infinity            infinity
     Parameter 16~IW(0.000,-3)             infinity            infinity            infinity
     Parameter 17~IW(0.000,-3)             infinity            infinity            infinity
     Parameter 18~IW(0.000,-3)             infinity            infinity            infinity
     Parameter 19~IW(0.000,-3)             infinity            infinity            infinity
     Parameter 20~IW(0.000,-3)             infinity            infinity            infinity
     Parameter 21~IW(0.000,-3)             infinity            infinity            infinity
     Parameter 22~IW(0.000,-3)             infinity            infinity            infinity
     Parameter 23~IW(0.000,-3)             infinity            infinity            infinity
     Parameter 24~IW(0.000,-3)             infinity            infinity            infinity
     Parameter 25~IW(0.000,-3)             infinity            infinity            infinity
     Parameter 26~IW(0.000,-3)             infinity            infinity            infinity


TECHNICAL 8 OUTPUT


   TECHNICAL 8 OUTPUT FOR BAYES ESTIMATION

     CHAIN    BSEED
     1        0
     2        285380

                     POTENTIAL       PARAMETER WITH
     ITERATION    SCALE REDUCTION      HIGHEST PSR
     100              2.594               15
     200              2.022               24
     300              2.384               12
     400              2.856               6
     500              2.885               6
     600              2.718               22
     700              2.139               22
     800              1.705               22
     900              1.313               22
     1000             1.198               15
     1100             1.184               26
     1200             1.382               26
     1300             1.427               26
     1400             1.296               26
     1500             1.218               26
     1600             1.283               17
     1700             1.280               17
     1800             1.228               17
     1900             1.183               17
     2000             1.174               17
     2100             1.131               17
     2200             1.100               6
     2300             1.169               6
     2400             1.226               6
     2500             1.243               6
     2600             1.206               6
     2700             1.251               6
     2800             1.308               6
     2900             1.262               6
     3000             1.233               6
     3100             1.175               6
     3200             1.178               5
     3300             1.155               5
     3400             1.133               5
     3500             1.108               5
     3600             1.079               6
     3700             1.060               6
     3800             1.036               6
     3900             1.043               5
     4000             1.030               5
     4100             1.030               15
     4200             1.029               4
     4300             1.036               15
     4400             1.035               15
     4500             1.045               4
     4600             1.044               5
     4700             1.058               5
     4800             1.069               5
     4900             1.066               5
     5000             1.067               5
     5100             1.062               5
     5200             1.069               5
     5300             1.086               5
     5400             1.098               5
     5500             1.113               5
     5600             1.099               5
     5700             1.102               5
     5800             1.111               5
     5900             1.115               5
     6000             1.106               5
     6100             1.099               5
     6200             1.088               5
     6300             1.094               6
     6400             1.118               6
     6500             1.127               6
     6600             1.126               6
     6700             1.123               6
     6800             1.120               6
     6900             1.107               6
     7000             1.107               6
     7100             1.102               6
     7200             1.090               6
     7300             1.087               6
     7400             1.078               6
     7500             1.090               6
     7600             1.092               6
     7700             1.098               6
     7800             1.093               6
     7900             1.092               6
     8000             1.099               6
     8100             1.091               6
     8200             1.081               6
     8300             1.077               6
     8400             1.071               6
     8500             1.072               6
     8600             1.073               6
     8700             1.083               6
     8800             1.070               6
     8900             1.060               6
     9000             1.044               6
     9100             1.037               5
     9200             1.039               5
     9300             1.041               5
     9400             1.043               5
     9500             1.051               5
     9600             1.049               5
     9700             1.044               5
     9800             1.041               5
     9900             1.041               5
     10000            1.051               5


DIAGRAM INFORMATION

  Use View Diagram under the Diagram menu in the Mplus Editor to view the diagram.
  If running Mplus from the Mplus Diagrammer, the diagram opens automatically.

  Diagram output
    c:\users\lg05\onedrive - university of cambridge\repositories\win\2025_cognitive_phenotype\code\mplus\baseline\dd_an

     Beginning Time:  12:01:25
        Ending Time:  12:01:51
       Elapsed Time:  00:00:26



MUTHEN & MUTHEN
3463 Stoner Ave.
Los Angeles, CA  90066

Tel: (310) 391-9971
Fax: (310) 391-8971
Web: www.StatModel.com
Support: Support@StatModel.com

Copyright (c) 1998-2023 Muthen & Muthen
