Mplus VERSION 8.9
MUTHEN & MUTHEN
04/02/2025  12:01 PM

INPUT INSTRUCTIONS

  TITLE: RI-CLPM for LCID Social Media and SDQ Data

  DATA:
      FILE = "C:\Users\lg05\OneDrive - University of Cambridge\repositories\
      win\2025_cognitive_phenotype\data\mplus\lcid_baseline_sdq.dat";

  VARIABLE:
      !variables included in the dataset
      NAMES ARE smt5 smt6 smt7         !social media use total
                 smp5 smp6 smp7         !social media use posting and scrolling
                 smm5 smm6 smm7         !social media use messaging
                 smv5 smv6 smv7         !social media use video watching
                 eat5 eat6 eat7         !eatq-ec total
                 bis5 bis6 bis7         !bis/bas behavioural inhibition
                 bas5 bas6 bas7         !bis/bas behavioural activation
                 bbt5 bbt6 bbt7         !bis/bas total
                 hsc5 hsc6 hsc7         !highly sensitive child scale total
                 sdq5 sdq6 sdq7         !strengths and difficulties total

                 csm5 csm6              !compulsive social media use [aux]
                 sex ses edu1           !demographics [aux]
                 bsi6 bsi7              !brief symptom inventory total [aux]
                 bsid6 bsid7            !brief symptom inventory depression [aux]
                 bsia6 bsia7            !brief symptom inventory anxiety [aux]
                 pdsi2 pds5 pds6 pds7;  !pubertal development score [aux]

      !variables used in analyses
      USEVARIABLES ARE smp5 smp6 smp7
                       sdq5 sdq6 sdq7;

      !missingness marker in dataset
      MISSING ARE ALL (-999);

      AUXILIARY ARE csm5 csm6 sex ses edu1
                    bsi6 bsi7 bsid6 bsid7 bsia6 bsia7
                    pdsi2 pds5 pds6 pds7;

  ANALYSIS:
      Estimator = BAYES;
      Type = random;          !required when including interaction effects
      model = nocovariances;  !covariances should not be estimated per default
      processors = 2;         !multiple processors used to increase computing speed
      chains = 2;             !number of MCMC chains
      thin = 10;              !save every 10th iteration

      fbiter = 10000;          !PSR < 1.1 at 600 iterations (10,000 minimum applied)

  MODEL:
      !Create between components (random intercepts)
      RIsm BY smp5@1 smp6@1 smp7@1;
      RImh BY sdq5@1 sdq6@1 sdq7@1;

      !Create within-person centred variables
      wsm_5 BY smp5@1;
      wsm_6 BY smp6@1;
      wsm_7 BY smp7@1;

      wmh_5 BY sdq5@1;
      wmh_6 BY sdq6@1;
      wmh_7 BY sdq7@1;

      !Constrain measurement error variances to zero
      !or close to zero to allow for reasonable imputation times
      smp5-sdq7@0.2; !subtraction opposite to Lydia's script?
      !eatq5-sm7@0.2; !this order aligns with Lydia's script but error

      !Estimate the lagged effects between the within-person centred variables
      wsm_7 ON wsm_6 wmh_6;
      wmh_7 ON wsm_6 wmh_6;

      wsm_6 ON wsm_5 wmh_5;
      wmh_6 ON wsm_5 wmh_5;

      !Estimate covariance between random intercepts
      RIsm WITH RImh;

      !Estimate the covariance between the within-person
      !components at the first wave
      wmh_5 WITH wsm_5;

      !Estimate the covariances between the residuals of
      !the within-person components
      wmh_6 WITH wsm_6;
      wmh_7 WITH wsm_7;

  OUTPUT:
      TECH8; !required to examine PSR values
      STDYX; !get standardised output



INPUT READING TERMINATED NORMALLY



RI-CLPM for LCID Social Media and SDQ Data

SUMMARY OF ANALYSIS

Number of groups                                                 1
Number of observations                                         358

Number of dependent variables                                    6
Number of independent variables                                  0
Number of continuous latent variables                            8

Observed dependent variables

  Continuous
   SMP5        SMP6        SMP7        SDQ5        SDQ6        SDQ7

Observed auxiliary variables
   CSM5        CSM6        SEX         SES         EDU1        BSI6
   BSI7        BSID6       BSID7       BSIA6       BSIA7       PDSI2
   PDS5        PDS6        PDS7

Continuous latent variables
   RISM        RIMH        WSM_5       WSM_6       WSM_7       WMH_5
   WMH_6       WMH_7


Estimator                                                    BAYES
Specifications for Bayesian Estimation
  Point estimate                                            MEDIAN
  Number of Markov chain Monte Carlo (MCMC) chains               2
  Random seed for the first chain                                0
  Starting value information                           UNPERTURBED
  Algorithm used for Markov chain Monte Carlo           GIBBS(PX1)
  Fixed number of iterations                                 10000
  K-th iteration used for thinning                              10

Input data file(s)
  C:\Users\lg05\OneDrive - University of Cambridge\repositories\win\2025_cogniti
Input data format  FREE


SUMMARY OF DATA



COVARIANCE COVERAGE OF DATA

Minimum covariance coverage value   0.100

     Number of missing data patterns            20


     PROPORTION OF DATA PRESENT


           Covariance Coverage
              SMP5          SMP6          SMP7          SDQ5          SDQ6
              ________      ________      ________      ________      ________
 SMP5           0.846
 SMP6           0.687         0.743
 SMP7           0.416         0.369         0.528
 SDQ5           0.846         0.693         0.419         0.852
 SDQ6           0.690         0.735         0.369         0.696         0.746
 SDQ7           0.413         0.372         0.444         0.416         0.374


           Covariance Coverage
              SDQ7
              ________
 SDQ7           0.520



UNIVARIATE SAMPLE STATISTICS


     UNIVARIATE HIGHER-ORDER MOMENT DESCRIPTIVE STATISTICS

         Variable/         Mean/     Skewness/   Minimum/ % with                Percentiles
        Sample Size      Variance    Kurtosis    Maximum  Min/Max      20%/60%    40%/80%    Median

     SMP5                  1.373       0.996       0.000   27.72%       0.000      1.000      1.000
             303.000       1.627       0.563       5.000    3.30%       1.000      2.000
     SMP6                  1.492       0.841       0.000   21.43%       0.000      1.000      1.000
             266.000       1.513       0.358       5.000    3.01%       2.000      2.000
     SMP7                  1.937       0.620       0.000   14.81%       1.000      1.000      2.000
             189.000       2.049      -0.371       5.000    8.47%       2.000      3.000
     SDQ5                 21.830       0.085      11.000    0.33%      19.000     21.000     22.000
             305.000      13.381       0.092      34.000    0.33%      23.000     25.000
     SDQ6                 22.281       0.448      12.000    0.37%      19.000     21.000     22.000
             267.000      15.992       0.558      38.000    0.37%      23.000     25.000
     SDQ7                 22.801       0.500      14.000    1.08%      20.000     22.000     22.000
             186.000      15.654       0.685      36.000    0.54%      23.000     26.000


THE MODEL ESTIMATION TERMINATED NORMALLY

     USE THE FBITERATIONS OPTION TO INCREASE THE NUMBER OF ITERATIONS BY A FACTOR
     OF AT LEAST TWO TO CHECK CONVERGENCE AND THAT THE PSR VALUE DOES NOT INCREASE.



MODEL FIT INFORMATION

Number of Free Parameters                              26

Bayesian Posterior Predictive Checking using Chi-Square

          95% Confidence Interval for the Difference Between
          the Observed and the Replicated Chi-Square Values

                                -17.054            28.503

          Posterior Predictive P-Value              0.293

Information Criteria

          Deviance (DIC)                         6626.824
          Estimated Number of Parameters (pD)      24.927
          Bayesian (BIC)                         6729.366

RMSEA (Root Mean Square Error Of Approximation)

          Estimate                           0.000
          90 Percent C.I.                    0.000  0.111
          Probability RMSEA <= .05           0.801

CFI/TLI

          CFI                                1.000
          90 Percent C.I.                    0.934  1.000

          TLI                                1.000
          90 Percent C.I.                    0.522  1.000



MODEL RESULTS

                                Posterior  One-Tailed         95% C.I.
                    Estimate       S.D.      P-Value   Lower 2.5%  Upper 2.5%  Significance

 RISM     BY
    SMP5               1.000       0.000      0.000       1.000       1.000
    SMP6               1.000       0.000      0.000       1.000       1.000
    SMP7               1.000       0.000      0.000       1.000       1.000

 RIMH     BY
    SDQ5               1.000       0.000      0.000       1.000       1.000
    SDQ6               1.000       0.000      0.000       1.000       1.000
    SDQ7               1.000       0.000      0.000       1.000       1.000

 WSM_5    BY
    SMP5               1.000       0.000      0.000       1.000       1.000

 WSM_6    BY
    SMP6               1.000       0.000      0.000       1.000       1.000

 WSM_7    BY
    SMP7               1.000       0.000      0.000       1.000       1.000

 WMH_5    BY
    SDQ5               1.000       0.000      0.000       1.000       1.000

 WMH_6    BY
    SDQ6               1.000       0.000      0.000       1.000       1.000

 WMH_7    BY
    SDQ7               1.000       0.000      0.000       1.000       1.000

 WSM_7      ON
    WSM_6              0.033       0.231      0.442      -0.520       0.390
    WMH_6              0.054       0.047      0.125      -0.038       0.149

 WMH_7      ON
    WSM_6              0.659       0.527      0.098      -0.358       1.716
    WMH_6              0.123       0.131      0.180      -0.146       0.363

 WSM_6      ON
    WSM_5              0.390       0.127      0.008       0.093       0.586      *
    WMH_5             -0.018       0.046      0.331      -0.117       0.062

 WMH_6      ON
    WSM_5              0.427       0.384      0.136      -0.402       1.114
    WMH_5              0.162       0.177      0.189      -0.250       0.446

 RISM     WITH
    RIMH               0.235       0.402      0.288      -0.535       1.033

 WMH_5    WITH
    WSM_5              0.177       0.454      0.347      -0.690       1.077

 WMH_6    WITH
    WSM_6             -0.138       0.341      0.340      -0.838       0.499

 WMH_7    WITH
    WSM_7              0.630       0.551      0.121      -0.437       1.717

 Intercepts
    SMP5               1.368       0.074      0.000       1.224       1.515      *
    SMP6               1.503       0.075      0.000       1.354       1.652      *
    SMP7               1.920       0.107      0.000       1.708       2.130      *
    SDQ5              21.816       0.213      0.000      21.402      22.238      *
    SDQ6              22.355       0.244      0.000      21.884      22.825      *
    SDQ7              22.811       0.302      0.000      22.205      23.382      *

 Variances
    RISM               0.312       0.168      0.000       0.041       0.661      *
    RIMH               4.952       1.561      0.000       1.812       7.902      *
    WSM_5              1.162       0.205      0.000       0.781       1.570      *
    WMH_5              8.579       1.709      0.000       5.574      12.279      *

 Residual Variances
    SMP5               0.200       0.000      0.000       0.200       0.200
    SMP6               0.200       0.000      0.000       0.200       0.200
    SMP7               0.200       0.000      0.000       0.200       0.200
    SDQ5               0.200       0.000      0.000       0.200       0.200
    SDQ6               0.200       0.000      0.000       0.200       0.200
    SDQ7               0.200       0.000      0.000       0.200       0.200
    WSM_6              0.822       0.132      0.000       0.557       1.074      *
    WSM_7              1.605       0.266      0.000       1.083       2.145      *
    WMH_6             10.464       1.605      0.000       7.120      13.535      *
    WMH_7             11.345       1.649      0.000       8.570      15.022      *


STANDARDIZED MODEL RESULTS


STDYX Standardization

                                Posterior  One-Tailed         95% C.I.
                    Estimate       S.D.      P-Value   Lower 2.5%  Upper 2.5%  Significance
 RISM     BY
    SMP5               0.432       0.123      0.000       0.157       0.620      *
    SMP6               0.448       0.130      0.000       0.163       0.654      *
    SMP7               0.377       0.106      0.000       0.138       0.536      *

 RIMH     BY
    SDQ5               0.601       0.098      0.000       0.363       0.751      *
    SDQ6               0.549       0.093      0.000       0.331       0.698      *
    SDQ7               0.533       0.082      0.000       0.323       0.643      *

 WSM_5    BY
    SMP5               0.833       0.061      0.000       0.702       0.925      *

 WSM_6    BY
    SMP6               0.819       0.070      0.000       0.661       0.920      *

 WSM_7    BY
    SMP7               0.876       0.043      0.000       0.787       0.944      *

 WMH_5    BY
    SDQ5               0.790       0.070      0.000       0.649       0.924      *

 WMH_6    BY
    SDQ6               0.828       0.059      0.000       0.708       0.937      *

 WMH_7    BY
    SDQ7               0.839       0.047      0.000       0.759       0.940      *

 WSM_7      ON
    WSM_6              0.026       0.174      0.442      -0.373       0.306
    WMH_6              0.141       0.119      0.125      -0.098       0.371

 WMH_7      ON
    WSM_6              0.192       0.144      0.098      -0.103       0.458
    WMH_6              0.117       0.124      0.180      -0.131       0.347

 WSM_6      ON
    WSM_5              0.416       0.127      0.008       0.103       0.592      *
    WMH_5             -0.052       0.131      0.331      -0.326       0.184

 WMH_6      ON
    WSM_5              0.137       0.122      0.136      -0.130       0.354
    WMH_5              0.142       0.154      0.189      -0.213       0.386

 RISM     WITH
    RIMH               0.199       0.376      0.288      -0.699       0.862

 WMH_5    WITH
    WSM_5              0.056       0.142      0.347      -0.242       0.309

 WMH_6    WITH
    WSM_6             -0.048       0.125      0.340      -0.307       0.169

 WMH_7    WITH
    WSM_7              0.149       0.130      0.121      -0.100       0.405

 Intercepts
    SMP5               1.056       0.072      0.000       0.916       1.199      *
    SMP6               1.208       0.080      0.000       1.051       1.365      *
    SMP7               1.291       0.102      0.000       1.090       1.488      *
    SDQ5               5.884       0.249      0.000       5.397       6.374      *
    SDQ6               5.516       0.244      0.000       5.044       6.004      *
    SDQ7               5.439       0.314      0.000       4.828       6.053      *

 Variances
    RISM               1.000       0.000      0.000       1.000       1.000
    RIMH               1.000       0.000      0.000       1.000       1.000
    WSM_5              1.000       0.000      0.000       1.000       1.000
    WMH_5              1.000       0.000      0.000       1.000       1.000

 Residual Variances
    SMP5               0.119       0.010      0.000       0.101       0.140      *
    SMP6               0.129       0.011      0.000       0.108       0.153      *
    SMP7               0.090       0.010      0.000       0.072       0.111      *
    SDQ5               0.015       0.001      0.000       0.012       0.017      *
    SDQ6               0.012       0.001      0.000       0.010       0.014      *
    SDQ7               0.011       0.001      0.000       0.009       0.014      *
    WSM_6              0.802       0.087      0.000       0.632       0.961      *
    WSM_7              0.952       0.054      0.000       0.797       0.998      *
    WMH_6              0.936       0.058      0.000       0.785       0.997      *
    WMH_7              0.930       0.071      0.000       0.735       0.997      *


R-SQUARE

                                Posterior  One-Tailed         95% C.I.
    Variable        Estimate       S.D.      P-Value   Lower 2.5%  Upper 2.5%

    SMP5               0.881       0.010      0.000       0.860       0.899
    SMP6               0.871       0.011      0.000       0.847       0.892
    SMP7               0.910       0.010      0.000       0.889       0.928
    SDQ5               0.985       0.001      0.000       0.983       0.988
    SDQ6               0.988       0.001      0.000       0.986       0.990
    SDQ7               0.989       0.001      0.000       0.986       0.991

                                Posterior  One-Tailed         95% C.I.
    Variable        Estimate       S.D.      P-Value   Lower 2.5%  Upper 2.5%

    WSM_6              0.198       0.087      0.000       0.039       0.368
    WSM_7              0.048       0.054      0.000       0.002       0.203
    WMH_6              0.064       0.058      0.000       0.003       0.215
    WMH_7              0.070       0.071      0.000       0.003       0.265


TECHNICAL 1 OUTPUT


     PARAMETER SPECIFICATION


           NU
              SMP5          SMP6          SMP7          SDQ5          SDQ6
              ________      ________      ________      ________      ________
                    1             2             3             4             5


           NU
              SDQ7
              ________
                    6


           LAMBDA
              RISM          RIMH          WSM_5         WSM_6         WSM_7
              ________      ________      ________      ________      ________
 SMP5               0             0             0             0             0
 SMP6               0             0             0             0             0
 SMP7               0             0             0             0             0
 SDQ5               0             0             0             0             0
 SDQ6               0             0             0             0             0
 SDQ7               0             0             0             0             0


           LAMBDA
              WMH_5         WMH_6         WMH_7
              ________      ________      ________
 SMP5               0             0             0
 SMP6               0             0             0
 SMP7               0             0             0
 SDQ5               0             0             0
 SDQ6               0             0             0
 SDQ7               0             0             0


           THETA
              SMP5          SMP6          SMP7          SDQ5          SDQ6
              ________      ________      ________      ________      ________
 SMP5               0
 SMP6               0             0
 SMP7               0             0             0
 SDQ5               0             0             0             0
 SDQ6               0             0             0             0             0
 SDQ7               0             0             0             0             0


           THETA
              SDQ7
              ________
 SDQ7               0


           ALPHA
              RISM          RIMH          WSM_5         WSM_6         WSM_7
              ________      ________      ________      ________      ________
                    0             0             0             0             0


           ALPHA
              WMH_5         WMH_6         WMH_7
              ________      ________      ________
                    0             0             0


           BETA
              RISM          RIMH          WSM_5         WSM_6         WSM_7
              ________      ________      ________      ________      ________
 RISM               0             0             0             0             0
 RIMH               0             0             0             0             0
 WSM_5              0             0             0             0             0
 WSM_6              0             0             7             0             0
 WSM_7              0             0             0             9             0
 WMH_5              0             0             0             0             0
 WMH_6              0             0            11             0             0
 WMH_7              0             0             0            13             0


           BETA
              WMH_5         WMH_6         WMH_7
              ________      ________      ________
 RISM               0             0             0
 RIMH               0             0             0
 WSM_5              0             0             0
 WSM_6              8             0             0
 WSM_7              0            10             0
 WMH_5              0             0             0
 WMH_6             12             0             0
 WMH_7              0            14             0


           PSI
              RISM          RIMH          WSM_5         WSM_6         WSM_7
              ________      ________      ________      ________      ________
 RISM              15
 RIMH              16            17
 WSM_5              0             0            18
 WSM_6              0             0             0            19
 WSM_7              0             0             0             0            20
 WMH_5              0             0            21             0             0
 WMH_6              0             0             0            23             0
 WMH_7              0             0             0             0            25


           PSI
              WMH_5         WMH_6         WMH_7
              ________      ________      ________
 WMH_5             22
 WMH_6              0            24
 WMH_7              0             0            26


     STARTING VALUES


           NU
              SMP5          SMP6          SMP7          SDQ5          SDQ6
              ________      ________      ________      ________      ________
                1.373         1.492         1.937        21.830        22.281


           NU
              SDQ7
              ________
               22.801


           LAMBDA
              RISM          RIMH          WSM_5         WSM_6         WSM_7
              ________      ________      ________      ________      ________
 SMP5           1.000         0.000         1.000         0.000         0.000
 SMP6           1.000         0.000         0.000         1.000         0.000
 SMP7           1.000         0.000         0.000         0.000         1.000
 SDQ5           0.000         1.000         0.000         0.000         0.000
 SDQ6           0.000         1.000         0.000         0.000         0.000
 SDQ7           0.000         1.000         0.000         0.000         0.000


           LAMBDA
              WMH_5         WMH_6         WMH_7
              ________      ________      ________
 SMP5           0.000         0.000         0.000
 SMP6           0.000         0.000         0.000
 SMP7           0.000         0.000         0.000
 SDQ5           1.000         0.000         0.000
 SDQ6           0.000         1.000         0.000
 SDQ7           0.000         0.000         1.000


           THETA
              SMP5          SMP6          SMP7          SDQ5          SDQ6
              ________      ________      ________      ________      ________
 SMP5           0.200
 SMP6           0.000         0.200
 SMP7           0.000         0.000         0.200
 SDQ5           0.000         0.000         0.000         0.200
 SDQ6           0.000         0.000         0.000         0.000         0.200
 SDQ7           0.000         0.000         0.000         0.000         0.000


           THETA
              SDQ7
              ________
 SDQ7           0.200


           ALPHA
              RISM          RIMH          WSM_5         WSM_6         WSM_7
              ________      ________      ________      ________      ________
                0.000         0.000         0.000         0.000         0.000


           ALPHA
              WMH_5         WMH_6         WMH_7
              ________      ________      ________
                0.000         0.000         0.000


           BETA
              RISM          RIMH          WSM_5         WSM_6         WSM_7
              ________      ________      ________      ________      ________
 RISM           0.000         0.000         0.000         0.000         0.000
 RIMH           0.000         0.000         0.000         0.000         0.000
 WSM_5          0.000         0.000         0.000         0.000         0.000
 WSM_6          0.000         0.000         0.000         0.000         0.000
 WSM_7          0.000         0.000         0.000         0.000         0.000
 WMH_5          0.000         0.000         0.000         0.000         0.000
 WMH_6          0.000         0.000         0.000         0.000         0.000
 WMH_7          0.000         0.000         0.000         0.000         0.000


           BETA
              WMH_5         WMH_6         WMH_7
              ________      ________      ________
 RISM           0.000         0.000         0.000
 RIMH           0.000         0.000         0.000
 WSM_5          0.000         0.000         0.000
 WSM_6          0.000         0.000         0.000
 WSM_7          0.000         0.000         0.000
 WMH_5          0.000         0.000         0.000
 WMH_6          0.000         0.000         0.000
 WMH_7          0.000         0.000         0.000


           PSI
              RISM          RIMH          WSM_5         WSM_6         WSM_7
              ________      ________      ________      ________      ________
 RISM           1.000
 RIMH           0.000         1.000
 WSM_5          0.000         0.000         1.000
 WSM_6          0.000         0.000         0.000         1.000
 WSM_7          0.000         0.000         0.000         0.000         1.000
 WMH_5          0.000         0.000         0.000         0.000         0.000
 WMH_6          0.000         0.000         0.000         0.000         0.000
 WMH_7          0.000         0.000         0.000         0.000         0.000


           PSI
              WMH_5         WMH_6         WMH_7
              ________      ________      ________
 WMH_5          1.000
 WMH_6          0.000         1.000
 WMH_7          0.000         0.000         1.000



     PRIORS FOR ALL PARAMETERS            PRIOR MEAN      PRIOR VARIANCE     PRIOR STD. DEV.

     Parameter 1~N(0.000,infinity)           0.0000            infinity            infinity
     Parameter 2~N(0.000,infinity)           0.0000            infinity            infinity
     Parameter 3~N(0.000,infinity)           0.0000            infinity            infinity
     Parameter 4~N(0.000,infinity)           0.0000            infinity            infinity
     Parameter 5~N(0.000,infinity)           0.0000            infinity            infinity
     Parameter 6~N(0.000,infinity)           0.0000            infinity            infinity
     Parameter 7~N(0.000,infinity)           0.0000            infinity            infinity
     Parameter 8~N(0.000,infinity)           0.0000            infinity            infinity
     Parameter 9~N(0.000,infinity)           0.0000            infinity            infinity
     Parameter 10~N(0.000,infinity)          0.0000            infinity            infinity
     Parameter 11~N(0.000,infinity)          0.0000            infinity            infinity
     Parameter 12~N(0.000,infinity)          0.0000            infinity            infinity
     Parameter 13~N(0.000,infinity)          0.0000            infinity            infinity
     Parameter 14~N(0.000,infinity)          0.0000            infinity            infinity
     Parameter 15~IW(0.000,-3)             infinity            infinity            infinity
     Parameter 16~IW(0.000,-3)             infinity            infinity            infinity
     Parameter 17~IW(0.000,-3)             infinity            infinity            infinity
     Parameter 18~IW(0.000,-3)             infinity            infinity            infinity
     Parameter 19~IW(0.000,-3)             infinity            infinity            infinity
     Parameter 20~IW(0.000,-3)             infinity            infinity            infinity
     Parameter 21~IW(0.000,-3)             infinity            infinity            infinity
     Parameter 22~IW(0.000,-3)             infinity            infinity            infinity
     Parameter 23~IW(0.000,-3)             infinity            infinity            infinity
     Parameter 24~IW(0.000,-3)             infinity            infinity            infinity
     Parameter 25~IW(0.000,-3)             infinity            infinity            infinity
     Parameter 26~IW(0.000,-3)             infinity            infinity            infinity


TECHNICAL 8 OUTPUT


   TECHNICAL 8 OUTPUT FOR BAYES ESTIMATION

     CHAIN    BSEED
     1        0
     2        285380

                     POTENTIAL       PARAMETER WITH
     ITERATION    SCALE REDUCTION      HIGHEST PSR
     100              5.587               6
     200              2.029               6
     300              1.281               17
     400              1.112               6
     500              1.378               6
     600              1.078               17
     700              1.051               15
     800              1.075               5
     900              1.120               5
     1000             1.079               5
     1100             1.044               16
     1200             1.026               16
     1300             1.024               9
     1400             1.034               9
     1500             1.038               21
     1600             1.043               16
     1700             1.037               16
     1800             1.040               17
     1900             1.028               17
     2000             1.049               14
     2100             1.044               14
     2200             1.040               14
     2300             1.025               14
     2400             1.017               14
     2500             1.022               14
     2600             1.016               14
     2700             1.022               14
     2800             1.024               14
     2900             1.019               14
     3000             1.018               14
     3100             1.010               14
     3200             1.009               14
     3300             1.006               23
     3400             1.005               25
     3500             1.008               25
     3600             1.010               25
     3700             1.009               25
     3800             1.012               23
     3900             1.012               16
     4000             1.011               23
     4100             1.009               15
     4200             1.008               18
     4300             1.006               18
     4400             1.005               18
     4500             1.004               2
     4600             1.006               18
     4700             1.004               18
     4800             1.006               4
     4900             1.008               4
     5000             1.015               4
     5100             1.014               4
     5200             1.009               4
     5300             1.010               4
     5400             1.011               4
     5500             1.012               4
     5600             1.010               4
     5700             1.009               4
     5800             1.008               4
     5900             1.006               6
     6000             1.004               6
     6100             1.005               16
     6200             1.005               6
     6300             1.005               6
     6400             1.003               22
     6500             1.002               22
     6600             1.004               4
     6700             1.005               4
     6800             1.005               4
     6900             1.006               4
     7000             1.005               4
     7100             1.004               15
     7200             1.005               16
     7300             1.007               16
     7400             1.006               16
     7500             1.008               16
     7600             1.009               16
     7700             1.010               16
     7800             1.006               16
     7900             1.007               8
     8000             1.006               8
     8100             1.005               8
     8200             1.004               8
     8300             1.005               8
     8400             1.005               8
     8500             1.003               23
     8600             1.003               23
     8700             1.003               5
     8800             1.002               23
     8900             1.002               23
     9000             1.003               23
     9100             1.003               23
     9200             1.003               23
     9300             1.002               23
     9400             1.003               15
     9500             1.004               15
     9600             1.005               15
     9700             1.008               15
     9800             1.007               15
     9900             1.007               15
     10000            1.005               15


DIAGRAM INFORMATION

  Use View Diagram under the Diagram menu in the Mplus Editor to view the diagram.
  If running Mplus from the Mplus Diagrammer, the diagram opens automatically.

  Diagram output
    c:\users\lg05\onedrive - university of cambridge\repositories\win\2025_cognitive_phenotype\code\mplus\baseline\dd_an

     Beginning Time:  12:01:52
        Ending Time:  12:02:18
       Elapsed Time:  00:00:26



MUTHEN & MUTHEN
3463 Stoner Ave.
Los Angeles, CA  90066

Tel: (310) 391-9971
Fax: (310) 391-8971
Web: www.StatModel.com
Support: Support@StatModel.com

Copyright (c) 1998-2023 Muthen & Muthen
